{"logTime": "1127/105320", "correlationVector":"wz5OeY9TOQULtSkPGV5RDu.117","action":"GetUpdates", "result":"DeleteReceived", "context":{"id":"71ad72ab-9c4c-4627-a15d-a8028db1024c", "isDeleted:":"true", "version":"1699444520741"}}
{"logTime": "1127/105320", "correlationVector":"wz5OeY9TOQULtSkPGV5RDu.118","action":"GetUpdates", "result":"DeleteReceived", "context":{"id":"348386fd-d3e8-41a6-a17c-2009827e6002", "isDeleted:":"true", "version":"1699449186348"}}
{"logTime": "1127/105320", "correlationVector":"wz5OeY9TOQULtSkPGV5RDu.119","action":"GetUpdates", "result":"DeleteReceived", "context":{"id":"43e6a4db-59b1-47ef-9c69-5bb2686e1a3e", "isDeleted:":"true", "version":"1699453669407"}}
{"logTime": "1127/105320", "correlationVector":"wz5OeY9TOQULtSkPGV5RDu.120","action":"GetUpdates", "result":"DeleteReceived", "context":{"id":"9d210b31-42aa-4971-ac5a-180f3a9ae149", "isDeleted:":"true", "version":"1699453681748"}}
{"logTime": "1127/105320", "correlationVector":"wz5OeY9TOQULtSkPGV5RDu.121","action":"GetUpdates", "result":"DeleteReceived", "context":{"id":"bcfa7cc4-9c34-4a41-aa39-61393d5acca4", "isDeleted:":"true", "version":"1699453759408"}}
{"logTime": "1127/105320", "correlationVector":"wz5OeY9TOQULtSkPGV5RDu.122","action":"GetUpdates", "result":"DeleteReceived", "context":{"id":"e70450f4-28c3-45e8-99c7-208cc4cb0a53", "isDeleted:":"true", "version":"1699529112741"}}
{"logTime": "1127/105320", "correlationVector":"wz5OeY9TOQULtSkPGV5RDu.123","action":"GetUpdates", "result":"DeleteReceived", "context":{"id":"93ab9387-a6a8-4653-9d42-bcfbde984a0b", "isDeleted:":"true", "version":"1699529112742"}}
{"logTime": "1127/105320", "correlationVector":"wz5OeY9TOQULtSkPGV5RDu.124","action":"GetUpdates", "result":"DeleteReceived", "context":{"id":"92d836ab-8df9-4616-ab4d-f327096a6f28", "isDeleted:":"true", "version":"1699530267811"}}
{"logTime": "1127/105320", "correlationVector":"wz5OeY9TOQULtSkPGV5RDu.125","action":"GetUpdates", "result":"DeleteReceived", "context":{"id":"733e0340-5936-4280-be5b-6ba9d08a8cce", "isDeleted:":"true", "version":"1699530322210"}}
{"logTime": "1127/105320", "correlationVector":"wz5OeY9TOQULtSkPGV5RDu.126","action":"GetUpdates", "result":"DeleteReceived", "context":{"id":"cca2aeb4-885b-43dc-93f6-72a6ce31994a", "isDeleted:":"true", "version":"1699530322211"}}
{"logTime": "1127/105320", "correlationVector":"wz5OeY9TOQULtSkPGV5RDu.127","action":"GetUpdates", "result":"DeleteReceived", "context":{"id":"0b1ff49a-fd8f-4715-86bd-d0d7ef5ea231", "isDeleted:":"true", "version":"1699530322212"}}
{"logTime": "1127/105320", "correlationVector":"wz5OeY9TOQULtSkPGV5RDu.128","action":"GetUpdates", "result":"DeleteReceived", "context":{"id":"5b1bb264-5597-4c08-a0fd-1d9ee4d70277", "isDeleted:":"true", "version":"1699530620498"}}
{"logTime": "1127/105320", "correlationVector":"wz5OeY9TOQULtSkPGV5RDu.129","action":"GetUpdates", "result":"DeleteReceived", "context":{"id":"9f95f675-cf50-4540-9b42-4a0936bdda62", "isDeleted:":"true", "version":"1699531627507"}}
{"logTime": "1127/105320", "correlationVector":"wz5OeY9TOQULtSkPGV5RDu.130","action":"GetUpdates", "result":"DeleteReceived", "context":{"id":"e6d440e1-d69b-4381-8dfc-c7a209bd5bef", "isDeleted:":"true", "version":"1699533158875"}}
{"logTime": "1127/105320", "correlationVector":"wz5OeY9TOQULtSkPGV5RDu.131","action":"GetUpdates", "result":"DeleteReceived", "context":{"id":"653430f3-5386-417c-834f-59384b3ab245", "isDeleted:":"true", "version":"1699533537280"}}
{"logTime": "1127/105320", "correlationVector":"wz5OeY9TOQULtSkPGV5RDu.132","action":"GetUpdates", "result":"DeleteReceived", "context":{"id":"0fd99b5f-f6ed-4fff-a235-3a17221d118d", "isDeleted:":"true", "version":"1699533537281"}}
{"logTime": "1127/105320", "correlationVector":"wz5OeY9TOQULtSkPGV5RDu.133","action":"GetUpdates", "result":"DeleteReceived", "context":{"id":"58ed0c9f-287b-466c-82a7-e6e222d7cf08", "isDeleted:":"true", "version":"1699533729442"}}
{"logTime": "1127/105320", "correlationVector":"wz5OeY9TOQULtSkPGV5RDu.134","action":"GetUpdates", "result":"DeleteReceived", "context":{"id":"c033f8ad-7778-4b15-ae69-f9a8b5ec1f6c", "isDeleted:":"true", "version":"1699537373225"}}
{"logTime": "1127/105320", "correlationVector":"wz5OeY9TOQULtSkPGV5RDu.135","action":"GetUpdates", "result":"DeleteReceived", "context":{"id":"4b0fb45a-c3b1-4db6-818e-4de01b0e07c7", "isDeleted:":"true", "version":"1699539365189"}}
{"logTime": "1127/105320", "correlationVector":"wz5OeY9TOQULtSkPGV5RDu.136","action":"GetUpdates", "result":"DeleteReceived", "context":{"id":"d35ad197-b8db-429e-96f6-4a38b1dce888", "isDeleted:":"true", "version":"1699539365190"}}
{"logTime": "1127/105320", "correlationVector":"wz5OeY9TOQULtSkPGV5RDu.137","action":"GetUpdates", "result":"DeleteReceived", "context":{"id":"b9b0d49e-bf07-416d-a645-84226718cdb0", "isDeleted:":"true", "version":"1699539365191"}}
{"logTime": "1127/105320", "correlationVector":"wz5OeY9TOQULtSkPGV5RDu.138","action":"GetUpdates", "result":"DeleteReceived", "context":{"id":"f0f1d92e-b67b-4add-bf5d-e1c55b48b6ad", "isDeleted:":"true", "version":"1699539365192"}}
{"logTime": "1127/105320", "correlationVector":"wz5OeY9TOQULtSkPGV5RDu.139","action":"GetUpdates", "result":"DeleteReceived", "context":{"id":"0041fe67-d3b6-4d3e-a20f-ccaaeef9cd22", "isDeleted:":"true", "version":"1699539365193"}}
{"logTime": "1127/105320", "correlationVector":"wz5OeY9TOQULtSkPGV5RDu.140","action":"GetUpdates", "result":"DeleteReceived", "context":{"id":"95248d3b-cc94-4845-b6cd-32dc13933b41", "isDeleted:":"true", "version":"1699539365194"}}
{"logTime": "1127/105320", "correlationVector":"wz5OeY9TOQULtSkPGV5RDu.141","action":"GetUpdates", "result":"DeleteReceived", "context":{"id":"1be0ddf2-6dee-46b2-801f-d92498e9a41a", "isDeleted:":"true", "version":"1699541156504"}}
{"logTime": "1127/105320", "correlationVector":"wz5OeY9TOQULtSkPGV5RDu.142","action":"GetUpdates", "result":"DeleteReceived", "context":{"id":"19085209-1957-493f-9fbe-6970403b3101", "isDeleted:":"true", "version":"1699541156513"}}
{"logTime": "1127/105320", "correlationVector":"wz5OeY9TOQULtSkPGV5RDu.143","action":"GetUpdates", "result":"DeleteReceived", "context":{"id":"fe98b919-fe4f-45ac-b96d-4ca4ef85a5b3", "isDeleted:":"true", "version":"1699541156515"}}
{"logTime": "1127/105320", "correlationVector":"wz5OeY9TOQULtSkPGV5RDu.144","action":"GetUpdates", "result":"DeleteReceived", "context":{"id":"9d80334b-155e-4cc4-999c-8635db30a156", "isDeleted:":"true", "version":"1699541212303"}}
{"logTime": "1127/105320", "correlationVector":"wz5OeY9TOQULtSkPGV5RDu.145","action":"GetUpdates", "result":"DeleteReceived", "context":{"id":"25fd9e77-ec09-4027-8477-79d57c5f1c43", "isDeleted:":"true", "version":"1699541212304"}}
{"logTime": "1127/105320", "correlationVector":"wz5OeY9TOQULtSkPGV5RDu.146","action":"GetUpdates", "result":"DeleteReceived", "context":{"id":"14727518-4bcf-4dc0-acf7-8284a2c82ba5", "isDeleted:":"true", "version":"1699541212306"}}
{"logTime": "1127/105320", "correlationVector":"wz5OeY9TOQULtSkPGV5RDu.147","action":"GetUpdates", "result":"DeleteReceived", "context":{"id":"f213ec03-1e57-4831-8b22-c3cea8e1ecbe", "isDeleted:":"true", "version":"1699541212307"}}
{"logTime": "1127/105320", "correlationVector":"wz5OeY9TOQULtSkPGV5RDu.148","action":"GetUpdates", "result":"DeleteReceived", "context":{"id":"25668cf4-dd27-4fc0-bd1c-736f70da5328", "isDeleted:":"true", "version":"1699541212309"}}
{"logTime": "1127/105320", "correlationVector":"wz5OeY9TOQULtSkPGV5RDu.149","action":"GetUpdates", "result":"DeleteReceived", "context":{"id":"25212866-50d3-4d6a-ab73-8bc4a5d56d74", "isDeleted:":"true", "version":"1699541212310"}}
{"logTime": "1127/105320", "correlationVector":"wz5OeY9TOQULtSkPGV5RDu.150","action":"GetUpdates", "result":"DeleteReceived", "context":{"id":"42a48f10-bb08-49f3-9c84-11ad5cd4851f", "isDeleted:":"true", "version":"1699541212311"}}
{"logTime": "1127/105320", "correlationVector":"wz5OeY9TOQULtSkPGV5RDu.151","action":"GetUpdates", "result":"DeleteReceived", "context":{"id":"ed97249a-8e3e-4152-aa3d-4678aa2aff1b", "isDeleted:":"true", "version":"1699541212312"}}
{"logTime": "1127/105320", "correlationVector":"wz5OeY9TOQULtSkPGV5RDu.152","action":"GetUpdates", "result":"DeleteReceived", "context":{"id":"2d5f5305-9d81-4515-8156-bbc39e13ca94", "isDeleted:":"true", "version":"1699541257638"}}
{"logTime": "1127/105320", "correlationVector":"wz5OeY9TOQULtSkPGV5RDu.153","action":"GetUpdates", "result":"DeleteReceived", "context":{"id":"70fe6191-8861-48e7-9ecc-c2a43f86580b", "isDeleted:":"true", "version":"1699542960846"}}
{"logTime": "1127/105320", "correlationVector":"wz5OeY9TOQULtSkPGV5RDu.154","action":"GetUpdates", "result":"DeleteReceived", "context":{"id":"de477bf1-20b9-4136-8622-b3304dfed654", "isDeleted:":"true", "version":"1699543534963"}}
{"logTime": "1127/105320", "correlationVector":"wz5OeY9TOQULtSkPGV5RDu.155","action":"GetUpdates", "result":"DeleteReceived", "context":{"id":"a30071fb-7cdb-44ae-bbf6-360f2058563f", "isDeleted:":"true", "version":"1699543534964"}}
{"logTime": "1127/105320", "correlationVector":"wz5OeY9TOQULtSkPGV5RDu.156","action":"GetUpdates", "result":"DeleteReceived", "context":{"id":"82a49d9a-6f64-4acc-8704-c2844fc713f0", "isDeleted:":"true", "version":"1699543534965"}}
{"logTime": "1127/105320", "correlationVector":"wz5OeY9TOQULtSkPGV5RDu.157","action":"GetUpdates", "result":"DeleteReceived", "context":{"id":"c7eb8e08-aede-4b59-ace8-93119be7d9a7", "isDeleted:":"true", "version":"1699543534966"}}
{"logTime": "1127/105320", "correlationVector":"wz5OeY9TOQULtSkPGV5RDu.158","action":"GetUpdates", "result":"DeleteReceived", "context":{"id":"e8a38d8b-2e8f-44b8-8b37-921761006c36", "isDeleted:":"true", "version":"1699544174423"}}
{"logTime": "1127/105320", "correlationVector":"wz5OeY9TOQULtSkPGV5RDu.159","action":"GetUpdates", "result":"DeleteReceived", "context":{"id":"335a097c-f8fe-4efd-8918-bfaf72c35e78", "isDeleted:":"true", "version":"1699606705066"}}
{"logTime": "1127/105321", "correlationVector":"wz5OeY9TOQULtSkPGV5RDu.160","action":"GetUpdates", "result":"DeleteReceived", "context":{"id":"afcd07fc-5d68-4c34-bc59-7d4eeb5c6f33", "isDeleted:":"true", "version":"1699606705067"}}
{"logTime": "1127/105321", "correlationVector":"wz5OeY9TOQULtSkPGV5RDu.161","action":"GetUpdates", "result":"DeleteReceived", "context":{"id":"2fb1312f-1857-4f31-bf2d-5610e1f41109", "isDeleted:":"true", "version":"1699606705068"}}
{"logTime": "1127/105321", "correlationVector":"wz5OeY9TOQULtSkPGV5RDu.162","action":"GetUpdates", "result":"DeleteReceived", "context":{"id":"47cc8b73-90e0-453d-ab09-6d273e3b6127", "isDeleted:":"true", "version":"1699618277756"}}
{"logTime": "1127/105321", "correlationVector":"wz5OeY9TOQULtSkPGV5RDu.163","action":"GetUpdates", "result":"DeleteReceived", "context":{"id":"e142027e-e193-488b-bc7a-2c5b22e37598", "isDeleted:":"true", "version":"1699619936430"}}
{"logTime": "1127/105321", "correlationVector":"wz5OeY9TOQULtSkPGV5RDu.164","action":"GetUpdates", "result":"DeleteReceived", "context":{"id":"d0791f35-1013-40fc-ae97-e876e39f9d53", "isDeleted:":"true", "version":"1699631639480"}}
{"logTime": "1127/105321", "correlationVector":"wz5OeY9TOQULtSkPGV5RDu.165","action":"GetUpdates", "result":"DeleteReceived", "context":{"id":"dbcf09e5-c0b0-4dcf-b53e-b51a4d973178", "isDeleted:":"true", "version":"1699631639481"}}
{"logTime": "1127/105321", "correlationVector":"wz5OeY9TOQULtSkPGV5RDu.166","action":"GetUpdates", "result":"DeleteReceived", "context":{"id":"7a08f948-b166-48b9-94e7-5c64a2a6a9f6", "isDeleted:":"true", "version":"1699631639483"}}
{"logTime": "1127/105321", "correlationVector":"wz5OeY9TOQULtSkPGV5RDu.167","action":"GetUpdates", "result":"DeleteReceived", "context":{"id":"edf853db-d8e4-402b-bdb8-317531daaee7", "isDeleted:":"true", "version":"1699631639484"}}
{"logTime": "1127/105321", "correlationVector":"wz5OeY9TOQULtSkPGV5RDu.168","action":"GetUpdates", "result":"DeleteReceived", "context":{"id":"5901c844-61e4-448f-b702-8098005f57f9", "isDeleted:":"true", "version":"1699631639485"}}
{"logTime": "1127/105321", "correlationVector":"wz5OeY9TOQULtSkPGV5RDu.169","action":"GetUpdates", "result":"DeleteReceived", "context":{"id":"51c0bf16-48c5-42b6-bac0-d783bc0a53f9", "isDeleted:":"true", "version":"1699631639486"}}
{"logTime": "1127/105321", "correlationVector":"wz5OeY9TOQULtSkPGV5RDu.170","action":"GetUpdates", "result":"DeleteReceived", "context":{"id":"c19548f8-7587-457b-9374-1dd86b7fce58", "isDeleted:":"true", "version":"1699631639487"}}
{"logTime": "1127/105321", "correlationVector":"wz5OeY9TOQULtSkPGV5RDu.171","action":"GetUpdates", "result":"DeleteReceived", "context":{"id":"e5ac337c-dc77-4edb-98bd-e188fe525e58", "isDeleted:":"true", "version":"1699675820864"}}
{"logTime": "1127/105321", "correlationVector":"wz5OeY9TOQULtSkPGV5RDu.172","action":"GetUpdates", "result":"DeleteReceived", "context":{"id":"aa5320a5-9584-4609-a3b9-496c780062c6", "isDeleted:":"true", "version":"1699689481863"}}
{"logTime": "1127/105321", "correlationVector":"wz5OeY9TOQULtSkPGV5RDu.173","action":"GetUpdates", "result":"DeleteReceived", "context":{"id":"26650763-73b1-4c5a-9213-c7a7e49bb97b", "isDeleted:":"true", "version":"1699689481865"}}
{"logTime": "1127/105321", "correlationVector":"wz5OeY9TOQULtSkPGV5RDu.174","action":"GetUpdates", "result":"DeleteReceived", "context":{"id":"1eb57e2a-50d8-41e4-9865-9219e7014b2c", "isDeleted:":"true", "version":"1699690338232"}}
{"logTime": "1127/105321", "correlationVector":"wz5OeY9TOQULtSkPGV5RDu.175","action":"GetUpdates", "result":"DeleteReceived", "context":{"id":"1d36f6cd-bcad-409b-9e76-82583c7d5414", "isDeleted:":"true", "version":"1699693994786"}}
{"logTime": "1127/105321", "correlationVector":"wz5OeY9TOQULtSkPGV5RDu.176","action":"GetUpdates", "result":"DeleteReceived", "context":{"id":"01241546-9b18-488f-9c2b-604436cb082a", "isDeleted:":"true", "version":"1699693994789"}}
{"logTime": "1127/105321", "correlationVector":"wz5OeY9TOQULtSkPGV5RDu.177","action":"GetUpdates", "result":"DeleteReceived", "context":{"id":"80899d8b-fc58-4242-ae52-bbb878277b5b", "isDeleted:":"true", "version":"1699694498654"}}
{"logTime": "1127/105321", "correlationVector":"wz5OeY9TOQULtSkPGV5RDu.178","action":"GetUpdates", "result":"DeleteReceived", "context":{"id":"6f0be962-39ea-437c-a77c-b33e05035174", "isDeleted:":"true", "version":"1699694498655"}}
{"logTime": "1127/105321", "correlationVector":"wz5OeY9TOQULtSkPGV5RDu.179","action":"GetUpdates", "result":"DeleteReceived", "context":{"id":"771e0465-0391-43cb-a9d3-1ededcf65056", "isDeleted:":"true", "version":"1699695062146"}}
{"logTime": "1127/105321", "correlationVector":"wz5OeY9TOQULtSkPGV5RDu.180","action":"GetUpdates", "result":"DeleteReceived", "context":{"id":"e42abb0d-2a60-408a-9135-092426504bcb", "isDeleted:":"true", "version":"1699695746314"}}
{"logTime": "1127/105321", "correlationVector":"wz5OeY9TOQULtSkPGV5RDu.181","action":"GetUpdates", "result":"DeleteReceived", "context":{"id":"02d2965e-fcd6-42e9-a29c-d801af9ea69b", "isDeleted:":"true", "version":"1699696886334"}}
{"logTime": "1127/105321", "correlationVector":"wz5OeY9TOQULtSkPGV5RDu.182","action":"GetUpdates", "result":"DeleteReceived", "context":{"id":"34e42e54-8fd3-40cf-8595-c7da33ea4f9d", "isDeleted:":"true", "version":"1699697673218"}}
{"logTime": "1127/105321", "correlationVector":"wz5OeY9TOQULtSkPGV5RDu.183","action":"GetUpdates", "result":"DeleteReceived", "context":{"id":"a8a8a397-dafd-4d28-a38a-dea19ea783e2", "isDeleted:":"true", "version":"1699698553941"}}
{"logTime": "1127/105321", "correlationVector":"wz5OeY9TOQULtSkPGV5RDu.184","action":"GetUpdates", "result":"DeleteReceived", "context":{"id":"13568daa-0441-4be7-9b42-4b52a899b3ab", "isDeleted:":"true", "version":"1699702305048"}}
{"logTime": "1127/105321", "correlationVector":"wz5OeY9TOQULtSkPGV5RDu.185","action":"GetUpdates", "result":"DeleteReceived", "context":{"id":"8f05de07-7a46-4d31-a3e0-cb6564658083", "isDeleted:":"true", "version":"1699702905422"}}
{"logTime": "1127/105321", "correlationVector":"wz5OeY9TOQULtSkPGV5RDu.186","action":"GetUpdates", "result":"DeleteReceived", "context":{"id":"be96cb91-9c7e-43e9-8eec-86c92e98b3b2", "isDeleted:":"true", "version":"1699708418844"}}
{"logTime": "1127/105321", "correlationVector":"wz5OeY9TOQULtSkPGV5RDu.187","action":"GetUpdates", "result":"DeleteReceived", "context":{"id":"94702ee4-41e5-4993-a56c-6d8db098053b", "isDeleted:":"true", "version":"1699710100550"}}
{"logTime": "1127/105321", "correlationVector":"wz5OeY9TOQULtSkPGV5RDu.188","action":"GetUpdates", "result":"DeleteReceived", "context":{"id":"50008ada-96f9-4962-a7ba-d12236a6d06f", "isDeleted:":"true", "version":"1699710580992"}}
{"logTime": "1127/105321", "correlationVector":"wz5OeY9TOQULtSkPGV5RDu.189","action":"GetUpdates", "result":"DeleteReceived", "context":{"id":"966e465d-78c4-4cad-afce-794414b2230b", "isDeleted:":"true", "version":"1699719638444"}}
{"logTime": "1127/105321", "correlationVector":"wz5OeY9TOQULtSkPGV5RDu.190","action":"GetUpdates", "result":"DeleteReceived", "context":{"id":"018fdcfc-8eb0-459a-ac5e-21a5413e51e3", "isDeleted:":"true", "version":"1699719638445"}}
{"logTime": "1127/105321", "correlationVector":"wz5OeY9TOQULtSkPGV5RDu.191","action":"GetUpdates", "result":"DeleteReceived", "context":{"id":"1cb13289-ec47-43f0-aeac-38f6b394ecbb", "isDeleted:":"true", "version":"1699719638446"}}
{"logTime": "1127/105322", "correlationVector":"wz5OeY9TOQULtSkPGV5RDu.192","action":"GetUpdates", "result":"DeleteReceived", "context":{"id":"b42b9273-2a33-4e97-975e-d2d378f31ec3", "isDeleted:":"true", "version":"1699719638447"}}
{"logTime": "1127/105322", "correlationVector":"wz5OeY9TOQULtSkPGV5RDu.193","action":"GetUpdates", "result":"DeleteReceived", "context":{"id":"14e07611-08d5-4ebd-9570-2624358e2922", "isDeleted:":"true", "version":"1699719638448"}}
{"logTime": "1127/105322", "correlationVector":"wz5OeY9TOQULtSkPGV5RDu.194","action":"GetUpdates", "result":"DeleteReceived", "context":{"id":"fa102746-9690-4cac-8a89-9cf54f2d819c", "isDeleted:":"true", "version":"1699719638449"}}
{"logTime": "1127/105322", "correlationVector":"wz5OeY9TOQULtSkPGV5RDu.195","action":"GetUpdates", "result":"DeleteReceived", "context":{"id":"15e30807-678a-456c-9195-a5cc8c7405e4", "isDeleted:":"true", "version":"1699721179320"}}
{"logTime": "1127/105322", "correlationVector":"wz5OeY9TOQULtSkPGV5RDu.196","action":"GetUpdates", "result":"DeleteReceived", "context":{"id":"8c8cafd9-e5d2-4e73-91e4-f6442ddccaf0", "isDeleted:":"true", "version":"1699721217784"}}
{"logTime": "1127/105322", "correlationVector":"wz5OeY9TOQULtSkPGV5RDu.197","action":"GetUpdates", "result":"DeleteReceived", "context":{"id":"169b8f8d-c624-4722-8569-128c74e6b4aa", "isDeleted:":"true", "version":"1699721217785"}}
{"logTime": "1127/105322", "correlationVector":"wz5OeY9TOQULtSkPGV5RDu.198","action":"GetUpdates", "result":"DeleteReceived", "context":{"id":"e14abaee-3f07-4406-ac44-e9cbcfcf5b19", "isDeleted:":"true", "version":"1699721217786"}}
{"logTime": "1127/105322", "correlationVector":"wz5OeY9TOQULtSkPGV5RDu.199","action":"GetUpdates", "result":"DeleteReceived", "context":{"id":"08aec9df-5296-40d1-911e-03318a4d9320", "isDeleted:":"true", "version":"1699793744306"}}
{"logTime": "1127/105322", "correlationVector":"wz5OeY9TOQULtSkPGV5RDu.200","action":"GetUpdates", "result":"DeleteReceived", "context":{"id":"37854c16-f4f9-477a-b172-d562e05a176c", "isDeleted:":"true", "version":"1699801285852"}}
{"logTime": "1127/105322", "correlationVector":"wz5OeY9TOQULtSkPGV5RDu.201","action":"GetUpdates", "result":"DeleteReceived", "context":{"id":"f4fd17ae-27e6-448f-af10-68daf02bbd3b", "isDeleted:":"true", "version":"1699803484655"}}
{"logTime": "1127/105322", "correlationVector":"wz5OeY9TOQULtSkPGV5RDu.202","action":"GetUpdates", "result":"DeleteReceived", "context":{"id":"eb2b92f6-0864-42fa-adfc-2aa4f887d180", "isDeleted:":"true", "version":"1699803484656"}}
{"logTime": "1127/105322", "correlationVector":"wz5OeY9TOQULtSkPGV5RDu.203","action":"GetUpdates", "result":"DeleteReceived", "context":{"id":"db5ab753-2035-4dbd-b80d-40852f782c42", "isDeleted:":"true", "version":"1699803484657"}}
{"logTime": "1127/105322", "correlationVector":"wz5OeY9TOQULtSkPGV5RDu.204","action":"GetUpdates", "result":"DeleteReceived", "context":{"id":"ab981587-c012-40ab-bcdd-2e14e1cbee1f", "isDeleted:":"true", "version":"1699868340642"}}
{"logTime": "1127/105322", "correlationVector":"wz5OeY9TOQULtSkPGV5RDu.205","action":"GetUpdates", "result":"DeleteReceived", "context":{"id":"dfc04598-7224-43a4-b753-c9f3d01625c5", "isDeleted:":"true", "version":"1699868340643"}}
{"logTime": "1127/105322", "correlationVector":"wz5OeY9TOQULtSkPGV5RDu.206","action":"GetUpdates", "result":"DeleteReceived", "context":{"id":"e8925dc6-289e-47ae-b187-8ac19e974ff7", "isDeleted:":"true", "version":"1699868340644"}}
{"logTime": "1127/105322", "correlationVector":"wz5OeY9TOQULtSkPGV5RDu.207","action":"GetUpdates", "result":"DeleteReceived", "context":{"id":"278de54b-1ccb-494f-aeb8-261321e41a3c", "isDeleted:":"true", "version":"1699875099762"}}
{"logTime": "1127/105322", "correlationVector":"wz5OeY9TOQULtSkPGV5RDu.208","action":"GetUpdates", "result":"DeleteReceived", "context":{"id":"c083f243-5f8f-4753-9512-7c37c40906f5", "isDeleted:":"true", "version":"1699875099763"}}
{"logTime": "1127/105322", "correlationVector":"wz5OeY9TOQULtSkPGV5RDu.209","action":"GetUpdates", "result":"DeleteReceived", "context":{"id":"59fc4b46-fa63-4f64-be5d-8d3e635e1bdd", "isDeleted:":"true", "version":"1699875099764"}}
{"logTime": "1127/105322", "correlationVector":"wz5OeY9TOQULtSkPGV5RDu.210","action":"GetUpdates", "result":"DeleteReceived", "context":{"id":"ec8f5275-e11c-415e-a305-2c0af5dfe206", "isDeleted:":"true", "version":"1699875099765"}}
{"logTime": "1127/105322", "correlationVector":"wz5OeY9TOQULtSkPGV5RDu.211","action":"GetUpdates", "result":"DeleteReceived", "context":{"id":"e1766d54-7746-4d0d-a462-3240d7c87fea", "isDeleted:":"true", "version":"1699885270507"}}
{"logTime": "1127/105322", "correlationVector":"wz5OeY9TOQULtSkPGV5RDu.212","action":"GetUpdates", "result":"DeleteReceived", "context":{"id":"c224800f-9b5a-4590-8fb5-2d8dc66d34d6", "isDeleted:":"true", "version":"1699885270508"}}
{"logTime": "1127/105322", "correlationVector":"wz5OeY9TOQULtSkPGV5RDu.213","action":"GetUpdates", "result":"DeleteReceived", "context":{"id":"8ea6ccd0-0061-4505-b184-58a4b1b9b025", "isDeleted:":"true", "version":"1699885270509"}}
{"logTime": "1127/105322", "correlationVector":"wz5OeY9TOQULtSkPGV5RDu.214","action":"GetUpdates", "result":"DeleteReceived", "context":{"id":"b1713666-5ec6-48b6-aaf1-24db12cbc2e7", "isDeleted:":"true", "version":"1699885270510"}}
{"logTime": "1127/105322", "correlationVector":"wz5OeY9TOQULtSkPGV5RDu.215","action":"GetUpdates", "result":"DeleteReceived", "context":{"id":"0e573007-6123-47c0-ac42-b701e9ce2eab", "isDeleted:":"true", "version":"1699885368792"}}
{"logTime": "1127/105322", "correlationVector":"wz5OeY9TOQULtSkPGV5RDu.216","action":"GetUpdates Response", "result":"SERVER_MORE_TO_DOWNLOAD", "context":Received 250 update(s).  Some updates remain.}
{"logTime": "1127/105322", "correlationVector":"Mgcpngu+Te2DIRk3we+oa9","action":"Initial GetUpdates", "result":"", "context":Reason: RECONFIGURATION. cV=Mgcpngu+Te2DIRk3we+oa9}
{"logTime": "1127/105322", "correlationVector":"Mgcpngu+Te2DIRk3we+oa9.1","action":"SyncServerConnectionManagerRequest", "result":"SYNC_SERVER_OK", "context":{"environment":"Prod_SoutheastAsia_000j", "migrationStage":"NotStarted", "server":"GENERAL01000014"}}
{"logTime": "1127/105322", "correlationVector":"Mgcpngu+Te2DIRk3we+oa9.2","action":"GetUpdates", "result":"DeleteReceived", "context":{"id":"1197f5e2-5d63-412e-a869-28739a052272", "isDeleted:":"true", "version":"1699885368793"}}
{"logTime": "1127/105322", "correlationVector":"Mgcpngu+Te2DIRk3we+oa9.3","action":"GetUpdates", "result":"DeleteReceived", "context":{"id":"7b5fd788-5647-4911-930d-0dea8d406620", "isDeleted:":"true", "version":"1699890196637"}}
{"logTime": "1127/105322", "correlationVector":"Mgcpngu+Te2DIRk3we+oa9.4","action":"GetUpdates", "result":"DeleteReceived", "context":{"id":"4d9be89d-5ad2-4ba4-8042-4b1b6df14268", "isDeleted:":"true", "version":"1699925753407"}}
{"logTime": "1127/105322", "correlationVector":"Mgcpngu+Te2DIRk3we+oa9.5","action":"GetUpdates", "result":"DeleteReceived", "context":{"id":"ff4c22f1-0e81-45d9-a77c-77deaef51533", "isDeleted:":"true", "version":"1699925753408"}}
{"logTime": "1127/105322", "correlationVector":"Mgcpngu+Te2DIRk3we+oa9.6","action":"GetUpdates", "result":"DeleteReceived", "context":{"id":"33e2426f-eeb7-48df-af6b-14d8b0910e6a", "isDeleted:":"true", "version":"1699925753409"}}
{"logTime": "1127/105322", "correlationVector":"Mgcpngu+Te2DIRk3we+oa9.7","action":"GetUpdates", "result":"DeleteReceived", "context":{"id":"5d4db19e-da3f-46a2-9771-2d33368e8f07", "isDeleted:":"true", "version":"1699925753410"}}
{"logTime": "1127/105322", "correlationVector":"Mgcpngu+Te2DIRk3we+oa9.8","action":"GetUpdates", "result":"DeleteReceived", "context":{"id":"f2de5df0-9850-4c5e-a703-455380e9f64d", "isDeleted:":"true", "version":"1699925753411"}}
{"logTime": "1127/105322", "correlationVector":"Mgcpngu+Te2DIRk3we+oa9.9","action":"GetUpdates", "result":"DeleteReceived", "context":{"id":"428a49c8-57e1-40db-aec6-be5aef6b1f7b", "isDeleted:":"true", "version":"1699970942509"}}
{"logTime": "1127/105322", "correlationVector":"Mgcpngu+Te2DIRk3we+oa9.10","action":"GetUpdates", "result":"DeleteReceived", "context":{"id":"f6b26d2c-ab9d-48db-8264-85592dc6ae46", "isDeleted:":"true", "version":"1699971177679"}}
{"logTime": "1127/105322", "correlationVector":"Mgcpngu+Te2DIRk3we+oa9.11","action":"GetUpdates", "result":"DeleteReceived", "context":{"id":"9aa7afcb-d2a0-4884-ab42-aeedddaa928f", "isDeleted:":"true", "version":"1699971434290"}}
{"logTime": "1127/105322", "correlationVector":"Mgcpngu+Te2DIRk3we+oa9.12","action":"GetUpdates", "result":"DeleteReceived", "context":{"id":"3c142a36-8ecd-4bea-9178-2bdb8e391727", "isDeleted:":"true", "version":"1699975518034"}}
{"logTime": "1127/105322", "correlationVector":"Mgcpngu+Te2DIRk3we+oa9.13","action":"GetUpdates", "result":"DeleteReceived", "context":{"id":"c76212b1-2788-44d4-ac16-7b173787f031", "isDeleted:":"true", "version":"1699976373105"}}
{"logTime": "1127/105322", "correlationVector":"Mgcpngu+Te2DIRk3we+oa9.14","action":"GetUpdates", "result":"DeleteReceived", "context":{"id":"c247d416-50c5-4f06-b75b-df281064aea6", "isDeleted:":"true", "version":"1699976373106"}}
{"logTime": "1127/105322", "correlationVector":"Mgcpngu+Te2DIRk3we+oa9.15","action":"GetUpdates", "result":"DeleteReceived", "context":{"id":"65253a17-83dc-425c-94a4-8f02397710e7", "isDeleted:":"true", "version":"1699976373107"}}
{"logTime": "1127/105322", "correlationVector":"Mgcpngu+Te2DIRk3we+oa9.16","action":"GetUpdates", "result":"DeleteReceived", "context":{"id":"a150d11d-ae23-4d87-a29d-6a2b1cc21708", "isDeleted:":"true", "version":"1700046738989"}}
{"logTime": "1127/105322", "correlationVector":"Mgcpngu+Te2DIRk3we+oa9.17","action":"GetUpdates", "result":"DeleteReceived", "context":{"id":"8af6689a-b2db-4d7a-bc8e-73b9a34174e7", "isDeleted:":"true", "version":"1700046995538"}}
{"logTime": "1127/105322", "correlationVector":"Mgcpngu+Te2DIRk3we+oa9.18","action":"GetUpdates", "result":"DeleteReceived", "context":{"id":"59f9cc68-e1d6-4f09-a88b-173a4943a83a", "isDeleted:":"true", "version":"1700048314615"}}
{"logTime": "1127/105322", "correlationVector":"Mgcpngu+Te2DIRk3we+oa9.19","action":"GetUpdates", "result":"DeleteReceived", "context":{"id":"aaef475a-0d72-4982-b351-1af6b7c42441", "isDeleted:":"true", "version":"1700147090254"}}
{"logTime": "1127/105322", "correlationVector":"Mgcpngu+Te2DIRk3we+oa9.20","action":"GetUpdates", "result":"DeleteReceived", "context":{"id":"fb6e7a63-727b-4884-8fa3-80a4960f761f", "isDeleted:":"true", "version":"1700147090255"}}
{"logTime": "1127/105322", "correlationVector":"Mgcpngu+Te2DIRk3we+oa9.21","action":"GetUpdates", "result":"DeleteReceived", "context":{"id":"364a1500-0421-4578-a6da-4a60b3901d64", "isDeleted:":"true", "version":"1700152236869"}}
{"logTime": "1127/105322", "correlationVector":"Mgcpngu+Te2DIRk3we+oa9.22","action":"GetUpdates", "result":"DeleteReceived", "context":{"id":"901ff8d3-8852-4609-aa0b-54caefad9583", "isDeleted:":"true", "version":"1700152236870"}}
{"logTime": "1127/105322", "correlationVector":"Mgcpngu+Te2DIRk3we+oa9.23","action":"GetUpdates", "result":"DeleteReceived", "context":{"id":"f90d5dec-194b-4274-9415-f05aaf39d6a6", "isDeleted:":"true", "version":"1700152470479"}}
{"logTime": "1127/105322", "correlationVector":"Mgcpngu+Te2DIRk3we+oa9.24","action":"GetUpdates", "result":"DeleteReceived", "context":{"id":"f55caa4e-fb17-4a96-ba19-81e434044603", "isDeleted:":"true", "version":"1700152470481"}}
{"logTime": "1127/105322", "correlationVector":"Mgcpngu+Te2DIRk3we+oa9.25","action":"GetUpdates", "result":"DeleteReceived", "context":{"id":"8dae6f85-1cb5-401c-9929-ca149f85183a", "isDeleted:":"true", "version":"1700152901793"}}
{"logTime": "1127/105322", "correlationVector":"Mgcpngu+Te2DIRk3we+oa9.26","action":"GetUpdates", "result":"DeleteReceived", "context":{"id":"4f6f3643-d6be-48bf-95f1-95c59a9af9dd", "isDeleted:":"true", "version":"1700152901796"}}
{"logTime": "1127/105322", "correlationVector":"Mgcpngu+Te2DIRk3we+oa9.27","action":"GetUpdates", "result":"DeleteReceived", "context":{"id":"65df8e21-37a6-4b8e-ba1b-0f244d073aaa", "isDeleted:":"true", "version":"1700153808619"}}
{"logTime": "1127/105322", "correlationVector":"Mgcpngu+Te2DIRk3we+oa9.28","action":"GetUpdates", "result":"DeleteReceived", "context":{"id":"5f3b762f-de73-4317-8456-2ee62c7bad0b", "isDeleted:":"true", "version":"1700153808620"}}
{"logTime": "1127/105322", "correlationVector":"Mgcpngu+Te2DIRk3we+oa9.29","action":"GetUpdates", "result":"DeleteReceived", "context":{"id":"1fde525b-504c-448a-9e1f-abf063c87e10", "isDeleted:":"true", "version":"1700227418933"}}
{"logTime": "1127/105322", "correlationVector":"Mgcpngu+Te2DIRk3we+oa9.30","action":"GetUpdates", "result":"DeleteReceived", "context":{"id":"d659480f-860e-4f88-8199-5542a5e6ce98", "isDeleted:":"true", "version":"1700229133755"}}
{"logTime": "1127/105322", "correlationVector":"Mgcpngu+Te2DIRk3we+oa9.31","action":"GetUpdates", "result":"DeleteReceived", "context":{"id":"e4e006d6-ea84-4ef3-9356-3c3e0b74694d", "isDeleted:":"true", "version":"1700229133756"}}
{"logTime": "1127/105322", "correlationVector":"Mgcpngu+Te2DIRk3we+oa9.32","action":"GetUpdates", "result":"DeleteReceived", "context":{"id":"55dc24d3-0c95-4028-a4c3-d9b4ce2de894", "isDeleted:":"true", "version":"1700229156657"}}
{"logTime": "1127/105322", "correlationVector":"Mgcpngu+Te2DIRk3we+oa9.33","action":"GetUpdates", "result":"DeleteReceived", "context":{"id":"3d20f3fa-0367-4767-8609-cf7cf22fb20d", "isDeleted:":"true", "version":"1700229156658"}}
{"logTime": "1127/105322", "correlationVector":"Mgcpngu+Te2DIRk3we+oa9.34","action":"GetUpdates", "result":"DeleteReceived", "context":{"id":"aff0d01a-d2b0-452d-9b08-1916b6f73b1d", "isDeleted:":"true", "version":"1700229156659"}}
{"logTime": "1127/105322", "correlationVector":"Mgcpngu+Te2DIRk3we+oa9.35","action":"GetUpdates", "result":"DeleteReceived", "context":{"id":"cc90238d-0f7d-4f2d-9c18-3cd94fc15465", "isDeleted:":"true", "version":"1700229439886"}}
{"logTime": "1127/105322", "correlationVector":"Mgcpngu+Te2DIRk3we+oa9.36","action":"GetUpdates", "result":"DeleteReceived", "context":{"id":"87c173e2-5f34-4e85-ab9a-e5eceaddf305", "isDeleted:":"true", "version":"1700229439887"}}
{"logTime": "1127/105322", "correlationVector":"Mgcpngu+Te2DIRk3we+oa9.37","action":"GetUpdates", "result":"DeleteReceived", "context":{"id":"8333652d-b28a-4e49-b7ff-ef1b91de0aba", "isDeleted:":"true", "version":"1700234643559"}}
{"logTime": "1127/105322", "correlationVector":"Mgcpngu+Te2DIRk3we+oa9.38","action":"GetUpdates", "result":"DeleteReceived", "context":{"id":"2f86ae2d-2c2a-4d6f-b250-1353cc7122e0", "isDeleted:":"true", "version":"1700234938696"}}
{"logTime": "1127/105322", "correlationVector":"Mgcpngu+Te2DIRk3we+oa9.39","action":"GetUpdates", "result":"DeleteReceived", "context":{"id":"6fd6165d-6317-488b-8e38-87677ae6ef06", "isDeleted:":"true", "version":"1700234938697"}}
{"logTime": "1127/105322", "correlationVector":"Mgcpngu+Te2DIRk3we+oa9.40","action":"GetUpdates", "result":"DeleteReceived", "context":{"id":"94c73ba2-b6ab-4957-97c3-e445b35ccc18", "isDeleted:":"true", "version":"1700235332482"}}
{"logTime": "1127/105322", "correlationVector":"Mgcpngu+Te2DIRk3we+oa9.41","action":"GetUpdates", "result":"DeleteReceived", "context":{"id":"557e5c48-d6b1-4a43-ada6-0931982a3286", "isDeleted:":"true", "version":"1700237768080"}}
{"logTime": "1127/105322", "correlationVector":"Mgcpngu+Te2DIRk3we+oa9.42","action":"GetUpdates", "result":"DeleteReceived", "context":{"id":"5d6f8c6e-8751-420a-9149-b05c37bc22e9", "isDeleted:":"true", "version":"1700237768081"}}
{"logTime": "1127/105322", "correlationVector":"Mgcpngu+Te2DIRk3we+oa9.43","action":"GetUpdates", "result":"DeleteReceived", "context":{"id":"e9f5624c-56ab-4085-9e85-1d43b9c0017d", "isDeleted:":"true", "version":"1700237768082"}}
{"logTime": "1127/105323", "correlationVector":"Mgcpngu+Te2DIRk3we+oa9.44","action":"GetUpdates", "result":"DeleteReceived", "context":{"id":"ccedba7f-e64a-48ce-98e9-caf71691af3c", "isDeleted:":"true", "version":"1700239041876"}}
{"logTime": "1127/105323", "correlationVector":"Mgcpngu+Te2DIRk3we+oa9.45","action":"GetUpdates", "result":"DeleteReceived", "context":{"id":"a8879afd-db4c-499d-b75b-becf13b9d0dc", "isDeleted:":"true", "version":"1700246877995"}}
{"logTime": "1127/105323", "correlationVector":"Mgcpngu+Te2DIRk3we+oa9.46","action":"GetUpdates", "result":"DeleteReceived", "context":{"id":"0495ef1d-98a9-4bf1-9e98-cc30cf2b1120", "isDeleted:":"true", "version":"1700277189113"}}
{"logTime": "1127/105323", "correlationVector":"Mgcpngu+Te2DIRk3we+oa9.47","action":"GetUpdates", "result":"DeleteReceived", "context":{"id":"b7c6c9fb-6292-4170-9cc5-77e0e04b2868", "isDeleted:":"true", "version":"1700279278840"}}
{"logTime": "1127/105323", "correlationVector":"Mgcpngu+Te2DIRk3we+oa9.48","action":"GetUpdates", "result":"DeleteReceived", "context":{"id":"6e185b3b-733b-4b84-9e87-3ae7d23da44a", "isDeleted:":"true", "version":"1700279278842"}}
{"logTime": "1127/105323", "correlationVector":"Mgcpngu+Te2DIRk3we+oa9.49","action":"GetUpdates", "result":"DeleteReceived", "context":{"id":"dda09331-f0ad-4d5c-b73e-9586e9babc82", "isDeleted:":"true", "version":"1700280666778"}}
{"logTime": "1127/105323", "correlationVector":"Mgcpngu+Te2DIRk3we+oa9.50","action":"GetUpdates", "result":"DeleteReceived", "context":{"id":"10790b9a-668a-43ed-8317-06752a7c8a5c", "isDeleted:":"true", "version":"1700280666780"}}
{"logTime": "1127/105323", "correlationVector":"Mgcpngu+Te2DIRk3we+oa9.51","action":"GetUpdates", "result":"DeleteReceived", "context":{"id":"58a00689-6ad4-4891-b40d-e0c59bb54035", "isDeleted:":"true", "version":"1700280698828"}}
{"logTime": "1127/105323", "correlationVector":"Mgcpngu+Te2DIRk3we+oa9.52","action":"GetUpdates", "result":"DeleteReceived", "context":{"id":"8409ced1-4364-4ee0-824c-6c521396b043", "isDeleted:":"true", "version":"1700280698829"}}
{"logTime": "1127/105323", "correlationVector":"Mgcpngu+Te2DIRk3we+oa9.53","action":"GetUpdates", "result":"DeleteReceived", "context":{"id":"1fd3bf04-1ac2-4a1f-9c9b-02a80abdb707", "isDeleted:":"true", "version":"1700281400095"}}
{"logTime": "1127/105323", "correlationVector":"Mgcpngu+Te2DIRk3we+oa9.54","action":"GetUpdates", "result":"DeleteReceived", "context":{"id":"bd76cb6f-e0d3-4f51-9e20-a73d47478240", "isDeleted:":"true", "version":"1700281400096"}}
{"logTime": "1127/105323", "correlationVector":"Mgcpngu+Te2DIRk3we+oa9.55","action":"GetUpdates", "result":"DeleteReceived", "context":{"id":"a20cfc00-207c-48fe-807f-86ce052dcaeb", "isDeleted:":"true", "version":"1700282210848"}}
{"logTime": "1127/105323", "correlationVector":"Mgcpngu+Te2DIRk3we+oa9.56","action":"GetUpdates", "result":"DeleteReceived", "context":{"id":"e84b39d7-20fa-4877-8777-a7e23bdf75af", "isDeleted:":"true", "version":"1700282612604"}}
{"logTime": "1127/105323", "correlationVector":"Mgcpngu+Te2DIRk3we+oa9.57","action":"GetUpdates", "result":"DeleteReceived", "context":{"id":"777a0eb6-6ebf-46de-ba06-d1b701d25c3e", "isDeleted:":"true", "version":"1700286577753"}}
{"logTime": "1127/105323", "correlationVector":"Mgcpngu+Te2DIRk3we+oa9.58","action":"GetUpdates", "result":"DeleteReceived", "context":{"id":"7e915d21-6398-494d-b74c-706b0fe53025", "isDeleted:":"true", "version":"1700287538697"}}
{"logTime": "1127/105323", "correlationVector":"Mgcpngu+Te2DIRk3we+oa9.59","action":"GetUpdates", "result":"DeleteReceived", "context":{"id":"dac2a271-8d35-4b10-8ca5-4596471e6af3", "isDeleted:":"true", "version":"1700289207201"}}
{"logTime": "1127/105323", "correlationVector":"Mgcpngu+Te2DIRk3we+oa9.60","action":"GetUpdates", "result":"DeleteReceived", "context":{"id":"ae59db7b-2792-4227-b682-18d226bcda3a", "isDeleted:":"true", "version":"1700303959155"}}
{"logTime": "1127/105323", "correlationVector":"Mgcpngu+Te2DIRk3we+oa9.61","action":"GetUpdates", "result":"DeleteReceived", "context":{"id":"cdc2e573-78b0-494a-b7f7-2a08fb0cf4f8", "isDeleted:":"true", "version":"1700303959156"}}
{"logTime": "1127/105323", "correlationVector":"Mgcpngu+Te2DIRk3we+oa9.62","action":"GetUpdates", "result":"DeleteReceived", "context":{"id":"f88b277e-af42-4f50-aaba-6175b66fbfea", "isDeleted:":"true", "version":"1700322493634"}}
{"logTime": "1127/105323", "correlationVector":"Mgcpngu+Te2DIRk3we+oa9.63","action":"GetUpdates", "result":"DeleteReceived", "context":{"id":"661d0ed2-85fc-4044-a42d-f5b31c3b7ae4", "isDeleted:":"true", "version":"1700323786242"}}
{"logTime": "1127/105323", "correlationVector":"Mgcpngu+Te2DIRk3we+oa9.64","action":"GetUpdates", "result":"DeleteReceived", "context":{"id":"82a8ed35-b855-447c-8405-ad5d660832c9", "isDeleted:":"true", "version":"1700324082710"}}
{"logTime": "1127/105323", "correlationVector":"Mgcpngu+Te2DIRk3we+oa9.65","action":"GetUpdates", "result":"DeleteReceived", "context":{"id":"fee4a211-1f54-4d72-8a03-70d304b5b7d0", "isDeleted:":"true", "version":"1700324082711"}}
{"logTime": "1127/105323", "correlationVector":"Mgcpngu+Te2DIRk3we+oa9.66","action":"GetUpdates", "result":"DeleteReceived", "context":{"id":"cc9f419f-5783-41c7-a4f4-36165037517b", "isDeleted:":"true", "version":"1700324082712"}}
{"logTime": "1127/105323", "correlationVector":"Mgcpngu+Te2DIRk3we+oa9.67","action":"GetUpdates", "result":"DeleteReceived", "context":{"id":"e0b85897-04f7-46a2-83fd-dc1a79416d67", "isDeleted:":"true", "version":"1700324082713"}}
{"logTime": "1127/105323", "correlationVector":"Mgcpngu+Te2DIRk3we+oa9.68","action":"GetUpdates", "result":"DeleteReceived", "context":{"id":"ba5f93fb-792c-4005-b0d2-f06d8ef4d92d", "isDeleted:":"true", "version":"1700324082714"}}
{"logTime": "1127/105323", "correlationVector":"Mgcpngu+Te2DIRk3we+oa9.69","action":"GetUpdates", "result":"DeleteReceived", "context":{"id":"82d43eba-f10a-47a2-a078-2e0ff54047a2", "isDeleted:":"true", "version":"1700392743313"}}
{"logTime": "1127/105323", "correlationVector":"Mgcpngu+Te2DIRk3we+oa9.70","action":"GetUpdates", "result":"DeleteReceived", "context":{"id":"a8120037-cf26-44a8-b40a-f21ceae4bdd6", "isDeleted:":"true", "version":"1700392743314"}}
{"logTime": "1127/105323", "correlationVector":"Mgcpngu+Te2DIRk3we+oa9.71","action":"GetUpdates", "result":"DeleteReceived", "context":{"id":"3802196b-c378-4194-8c5b-743a7e77a39c", "isDeleted:":"true", "version":"1700402471504"}}
{"logTime": "1127/105323", "correlationVector":"Mgcpngu+Te2DIRk3we+oa9.72","action":"GetUpdates", "result":"DeleteReceived", "context":{"id":"d1161f9a-e65e-4aa0-a100-b24e40032117", "isDeleted:":"true", "version":"1700410181288"}}
{"logTime": "1127/105323", "correlationVector":"Mgcpngu+Te2DIRk3we+oa9.73","action":"GetUpdates", "result":"DeleteReceived", "context":{"id":"6d2ea330-c52a-4ca8-83ff-b17e2722236a", "isDeleted:":"true", "version":"1700453351942"}}
{"logTime": "1127/105323", "correlationVector":"Mgcpngu+Te2DIRk3we+oa9.74","action":"GetUpdates", "result":"DeleteReceived", "context":{"id":"3aa52125-3f65-408b-9423-0a7bff190fc7", "isDeleted:":"true", "version":"1700453351943"}}
{"logTime": "1127/105323", "correlationVector":"Mgcpngu+Te2DIRk3we+oa9.75","action":"GetUpdates", "result":"DeleteReceived", "context":{"id":"14cc2ac6-98ac-48ef-8a3d-e16ac32c3cd9", "isDeleted:":"true", "version":"1700622449687"}}
{"logTime": "1127/105323", "correlationVector":"Mgcpngu+Te2DIRk3we+oa9.76","action":"GetUpdates", "result":"DeleteReceived", "context":{"id":"a8cfdff8-1491-44b7-a2cc-d7d05d808df2", "isDeleted:":"true", "version":"1700622449688"}}
{"logTime": "1127/105323", "correlationVector":"Mgcpngu+Te2DIRk3we+oa9.77","action":"GetUpdates", "result":"DeleteReceived", "context":{"id":"dd5d8004-8341-4a55-a207-cae539f56118", "isDeleted:":"true", "version":"1700622449689"}}
{"logTime": "1127/105323", "correlationVector":"Mgcpngu+Te2DIRk3we+oa9.78","action":"GetUpdates", "result":"DeleteReceived", "context":{"id":"55afdfbc-b616-47e3-a115-301c7a8ab730", "isDeleted:":"true", "version":"1700622449690"}}
{"logTime": "1127/105323", "correlationVector":"Mgcpngu+Te2DIRk3we+oa9.79","action":"GetUpdates", "result":"DeleteReceived", "context":{"id":"e28b6192-5d96-4691-9af0-f395faea636a", "isDeleted:":"true", "version":"1700626527296"}}
{"logTime": "1127/105323", "correlationVector":"Mgcpngu+Te2DIRk3we+oa9.80","action":"GetUpdates", "result":"DeleteReceived", "context":{"id":"99bb5ad7-d87d-42ee-9ca2-de946f38b88d", "isDeleted:":"true", "version":"1700627694035"}}
{"logTime": "1127/105323", "correlationVector":"Mgcpngu+Te2DIRk3we+oa9.81","action":"GetUpdates", "result":"DeleteReceived", "context":{"id":"a3d37eab-a26b-49bf-b721-63e5ccc85ac0", "isDeleted:":"true", "version":"1700627765857"}}
{"logTime": "1127/105323", "correlationVector":"Mgcpngu+Te2DIRk3we+oa9.82","action":"GetUpdates", "result":"DeleteReceived", "context":{"id":"285674e0-3f6b-46f3-9cf4-3dbd63993ef9", "isDeleted:":"true", "version":"1700628321292"}}
{"logTime": "1127/105323", "correlationVector":"Mgcpngu+Te2DIRk3we+oa9.83","action":"GetUpdates", "result":"DeleteReceived", "context":{"id":"028345d2-d872-4eb7-bf91-b003b1a05938", "isDeleted:":"true", "version":"1700631115236"}}
{"logTime": "1127/105323", "correlationVector":"Mgcpngu+Te2DIRk3we+oa9.84","action":"GetUpdates", "result":"DeleteReceived", "context":{"id":"04cd3ddd-48f7-4045-ab7d-51ec27920b94", "isDeleted:":"true", "version":"1700631337358"}}
{"logTime": "1127/105323", "correlationVector":"Mgcpngu+Te2DIRk3we+oa9.85","action":"GetUpdates", "result":"DeleteReceived", "context":{"id":"d121ae5f-b926-43a7-a814-04f7d1982b3a", "isDeleted:":"true", "version":"1700631337359"}}
{"logTime": "1127/105323", "correlationVector":"Mgcpngu+Te2DIRk3we+oa9.86","action":"GetUpdates", "result":"DeleteReceived", "context":{"id":"79f2c282-927b-42ad-b3f0-cf6abb7d37c6", "isDeleted:":"true", "version":"1700635708691"}}
{"logTime": "1127/105323", "correlationVector":"Mgcpngu+Te2DIRk3we+oa9.87","action":"GetUpdates", "result":"DeleteReceived", "context":{"id":"f03deca3-d1ab-4db8-92bc-5d03112a8c46", "isDeleted:":"true", "version":"1700637826846"}}
{"logTime": "1127/105323", "correlationVector":"Mgcpngu+Te2DIRk3we+oa9.88","action":"GetUpdates", "result":"DeleteReceived", "context":{"id":"466f4e48-f3de-4e7d-a295-3ca852b3721f", "isDeleted:":"true", "version":"1700651036358"}}
{"logTime": "1127/105323", "correlationVector":"Mgcpngu+Te2DIRk3we+oa9.89","action":"GetUpdates", "result":"DeleteReceived", "context":{"id":"76f5430a-4cad-4cfd-b095-d0a61a1af9da", "isDeleted:":"true", "version":"1700652261526"}}
{"logTime": "1127/105323", "correlationVector":"Mgcpngu+Te2DIRk3we+oa9.90","action":"GetUpdates", "result":"DeleteReceived", "context":{"id":"1a208e75-1974-4edd-9d0b-b84e6d1394c6", "isDeleted:":"true", "version":"1700652261527"}}
{"logTime": "1127/105323", "correlationVector":"Mgcpngu+Te2DIRk3we+oa9.91","action":"GetUpdates", "result":"DeleteReceived", "context":{"id":"d833d1e9-6a60-4741-8014-38bab1fc32ac", "isDeleted:":"true", "version":"1700652261529"}}
{"logTime": "1127/105323", "correlationVector":"Mgcpngu+Te2DIRk3we+oa9.92","action":"GetUpdates", "result":"DeleteReceived", "context":{"id":"cee232a6-f14a-42ad-a4e7-ae94d0281855", "isDeleted:":"true", "version":"1700652261530"}}
{"logTime": "1127/105323", "correlationVector":"Mgcpngu+Te2DIRk3we+oa9.93","action":"GetUpdates", "result":"DeleteReceived", "context":{"id":"3287ea6a-de47-4063-be32-75fdfc8a9ca8", "isDeleted:":"true", "version":"1700652261531"}}
{"logTime": "1127/105323", "correlationVector":"Mgcpngu+Te2DIRk3we+oa9.94","action":"GetUpdates", "result":"DeleteReceived", "context":{"id":"35796d68-20b2-449c-9d0b-892902f591a6", "isDeleted:":"true", "version":"1700653047686"}}
{"logTime": "1127/105323", "correlationVector":"Mgcpngu+Te2DIRk3we+oa9.95","action":"GetUpdates", "result":"DeleteReceived", "context":{"id":"ac9205d1-37cd-4c4c-ad5f-a330e0769fe5", "isDeleted:":"true", "version":"1700653047688"}}
{"logTime": "1127/105323", "correlationVector":"Mgcpngu+Te2DIRk3we+oa9.96","action":"GetUpdates", "result":"DeleteReceived", "context":{"id":"67503ff0-2983-4586-8e61-eebf19c8b70d", "isDeleted:":"true", "version":"1700654623687"}}
{"logTime": "1127/105323", "correlationVector":"Mgcpngu+Te2DIRk3we+oa9.97","action":"GetUpdates", "result":"DeleteReceived", "context":{"id":"913fb2fd-8506-425d-8665-c1e96bd3f2f3", "isDeleted:":"true", "version":"1700657378197"}}
{"logTime": "1127/105323", "correlationVector":"Mgcpngu+Te2DIRk3we+oa9.98","action":"GetUpdates", "result":"DeleteReceived", "context":{"id":"881de696-c6a8-471d-86e1-066e516bae4c", "isDeleted:":"true", "version":"1700658113430"}}
{"logTime": "1127/105323", "correlationVector":"Mgcpngu+Te2DIRk3we+oa9.99","action":"GetUpdates", "result":"DeleteReceived", "context":{"id":"150502ad-d626-4648-85fc-e05ad427f0cd", "isDeleted:":"true", "version":"1700658489580"}}
{"logTime": "1127/105323", "correlationVector":"Mgcpngu+Te2DIRk3we+oa9.100","action":"GetUpdates", "result":"DeleteReceived", "context":{"id":"515d31ae-a02d-4584-b3fd-5eaa3584424b", "isDeleted:":"true", "version":"1700661009448"}}
{"logTime": "1127/105323", "correlationVector":"Mgcpngu+Te2DIRk3we+oa9.101","action":"GetUpdates", "result":"DeleteReceived", "context":{"id":"0d22825d-2dda-4705-a364-0d5ad5518eb0", "isDeleted:":"true", "version":"1700662212488"}}
{"logTime": "1127/105323", "correlationVector":"Mgcpngu+Te2DIRk3we+oa9.102","action":"GetUpdates", "result":"DeleteReceived", "context":{"id":"bd087311-6e1c-4a06-9653-07aa98af1fea", "isDeleted:":"true", "version":"1700667778542"}}
{"logTime": "1127/105323", "correlationVector":"Mgcpngu+Te2DIRk3we+oa9.103","action":"GetUpdates", "result":"DeleteReceived", "context":{"id":"2aab0fce-c92f-4c31-98dd-bc09858f7a4b", "isDeleted:":"true", "version":"1700667778544"}}
{"logTime": "1127/105323", "correlationVector":"Mgcpngu+Te2DIRk3we+oa9.104","action":"GetUpdates", "result":"DeleteReceived", "context":{"id":"179a68d4-a677-46ec-adc8-1d30a36fb588", "isDeleted:":"true", "version":"1700704962371"}}
{"logTime": "1127/105323", "correlationVector":"Mgcpngu+Te2DIRk3we+oa9.105","action":"GetUpdates", "result":"DeleteReceived", "context":{"id":"fdbf0ebc-1cb0-4724-9287-e0479d39a373", "isDeleted:":"true", "version":"1700722600237"}}
{"logTime": "1127/105323", "correlationVector":"Mgcpngu+Te2DIRk3we+oa9.106","action":"GetUpdates", "result":"DeleteReceived", "context":{"id":"a03f9b29-f528-45a9-a246-abd44f2a3174", "isDeleted:":"true", "version":"1700735477705"}}
{"logTime": "1127/105323", "correlationVector":"Mgcpngu+Te2DIRk3we+oa9.107","action":"GetUpdates", "result":"DeleteReceived", "context":{"id":"d0c2f165-27f2-4e30-80ba-61fa73ea6877", "isDeleted:":"true", "version":"1700738233940"}}
{"logTime": "1127/105323", "correlationVector":"Mgcpngu+Te2DIRk3we+oa9.108","action":"GetUpdates", "result":"DeleteReceived", "context":{"id":"0890fc93-fd44-4bb5-86f3-d6e22bee460a", "isDeleted:":"true", "version":"1700738233941"}}
{"logTime": "1127/105323", "correlationVector":"Mgcpngu+Te2DIRk3we+oa9.109","action":"GetUpdates", "result":"DeleteReceived", "context":{"id":"27592250-b8dc-40a0-b76c-0dbb9415fb17", "isDeleted:":"true", "version":"1700738233945"}}
{"logTime": "1127/105323", "correlationVector":"Mgcpngu+Te2DIRk3we+oa9.110","action":"GetUpdates", "result":"DeleteReceived", "context":{"id":"5adcbec6-eff3-4a41-a918-ad771d2852aa", "isDeleted:":"true", "version":"1700738233946"}}
{"logTime": "1127/105323", "correlationVector":"Mgcpngu+Te2DIRk3we+oa9.111","action":"GetUpdates", "result":"DeleteReceived", "context":{"id":"b3f024ad-7656-40dc-8ac5-12f15c45267e", "isDeleted:":"true", "version":"1700741335314"}}
{"logTime": "1127/105323", "correlationVector":"Mgcpngu+Te2DIRk3we+oa9.112","action":"GetUpdates", "result":"DeleteReceived", "context":{"id":"b9d9f81a-cbc4-4b4e-9dff-e651ce229958", "isDeleted:":"true", "version":"1700743220127"}}
{"logTime": "1127/105323", "correlationVector":"Mgcpngu+Te2DIRk3we+oa9.113","action":"GetUpdates", "result":"DeleteReceived", "context":{"id":"f1db6746-06a6-4085-a9f6-61b0df27ec7e", "isDeleted:":"true", "version":"1700744600305"}}
{"logTime": "1127/105323", "correlationVector":"Mgcpngu+Te2DIRk3we+oa9.114","action":"GetUpdates", "result":"DeleteReceived", "context":{"id":"92389454-5278-4e25-ac04-3b13ccac9434", "isDeleted:":"true", "version":"1700744600306"}}
{"logTime": "1127/105323", "correlationVector":"Mgcpngu+Te2DIRk3we+oa9.115","action":"GetUpdates", "result":"DeleteReceived", "context":{"id":"7787a0e5-4cac-4e29-a590-5a977fd6190c", "isDeleted:":"true", "version":"1700744600308"}}
{"logTime": "1127/105323", "correlationVector":"Mgcpngu+Te2DIRk3we+oa9.116","action":"GetUpdates", "result":"DeleteReceived", "context":{"id":"a280b47a-2f71-43fa-bbe5-f323bb8d3f48", "isDeleted:":"true", "version":"1700744600311"}}
{"logTime": "1127/105323", "correlationVector":"Mgcpngu+Te2DIRk3we+oa9.117","action":"GetUpdates", "result":"DeleteReceived", "context":{"id":"2a11a04b-aef3-4d2b-9a63-72385d27946a", "isDeleted:":"true", "version":"1700745672227"}}
{"logTime": "1127/105323", "correlationVector":"Mgcpngu+Te2DIRk3we+oa9.118","action":"GetUpdates", "result":"DeleteReceived", "context":{"id":"57c43dee-cde5-479c-ab57-9f9858884b1b", "isDeleted:":"true", "version":"1700746322623"}}
{"logTime": "1127/105323", "correlationVector":"Mgcpngu+Te2DIRk3we+oa9.119","action":"GetUpdates", "result":"DeleteReceived", "context":{"id":"61d8974c-a09d-4fb8-8177-2aef78a05bf2", "isDeleted:":"true", "version":"1700746354361"}}
{"logTime": "1127/105323", "correlationVector":"Mgcpngu+Te2DIRk3we+oa9.120","action":"GetUpdates", "result":"DeleteReceived", "context":{"id":"2c5ffcba-a864-46b5-951a-c15a07749438", "isDeleted:":"true", "version":"1700746354363"}}
{"logTime": "1127/105323", "correlationVector":"Mgcpngu+Te2DIRk3we+oa9.121","action":"GetUpdates", "result":"DeleteReceived", "context":{"id":"2b3befe0-30e5-4eff-b8f4-5ae9eccb3ef0", "isDeleted:":"true", "version":"1700746354364"}}
{"logTime": "1127/105323", "correlationVector":"Mgcpngu+Te2DIRk3we+oa9.122","action":"GetUpdates", "result":"DeleteReceived", "context":{"id":"429e02e6-48cf-4d25-a5a1-b4a4a050c785", "isDeleted:":"true", "version":"1700746354365"}}
{"logTime": "1127/105323", "correlationVector":"Mgcpngu+Te2DIRk3we+oa9.123","action":"GetUpdates", "result":"DeleteReceived", "context":{"id":"a8f0161f-5ab6-45ce-8bb2-b8bc48d87488", "isDeleted:":"true", "version":"1700746354366"}}
{"logTime": "1127/105323", "correlationVector":"Mgcpngu+Te2DIRk3we+oa9.124","action":"GetUpdates", "result":"DeleteReceived", "context":{"id":"12138a70-964b-4462-ac1d-0c3b609dfd6d", "isDeleted:":"true", "version":"1700747331797"}}
{"logTime": "1127/105323", "correlationVector":"Mgcpngu+Te2DIRk3we+oa9.125","action":"GetUpdates", "result":"DeleteReceived", "context":{"id":"2e673626-93e1-4ac3-a390-c190d0777e2e", "isDeleted:":"true", "version":"1700748130190"}}
{"logTime": "1127/105323", "correlationVector":"Mgcpngu+Te2DIRk3we+oa9.126","action":"GetUpdates", "result":"DeleteReceived", "context":{"id":"35bf1925-4b49-49c3-aa07-2de80464cb21", "isDeleted:":"true", "version":"1700748750058"}}
{"logTime": "1127/105323", "correlationVector":"Mgcpngu+Te2DIRk3we+oa9.127","action":"GetUpdates", "result":"DeleteReceived", "context":{"id":"de18f367-eecf-40fa-9da6-5f0bb95e765b", "isDeleted:":"true", "version":"1700749881711"}}
{"logTime": "1127/105323", "correlationVector":"Mgcpngu+Te2DIRk3we+oa9.128","action":"GetUpdates", "result":"DeleteReceived", "context":{"id":"87ddb49b-e15e-483b-b3cc-f7caa476f0e8", "isDeleted:":"true", "version":"1700752715954"}}
{"logTime": "1127/105323", "correlationVector":"Mgcpngu+Te2DIRk3we+oa9.129","action":"GetUpdates", "result":"DeleteReceived", "context":{"id":"fdedc993-df30-4063-b39f-01694ada0878", "isDeleted:":"true", "version":"1700754511390"}}
{"logTime": "1127/105323", "correlationVector":"Mgcpngu+Te2DIRk3we+oa9.130","action":"GetUpdates", "result":"DeleteReceived", "context":{"id":"b7b3b7d4-3493-429a-afb6-af3ed8acc874", "isDeleted:":"true", "version":"1700756407251"}}
{"logTime": "1127/105323", "correlationVector":"Mgcpngu+Te2DIRk3we+oa9.131","action":"GetUpdates", "result":"DeleteReceived", "context":{"id":"e764cc97-53ec-4595-b039-bf537b5d2654", "isDeleted:":"true", "version":"1700760274678"}}
{"logTime": "1127/105323", "correlationVector":"Mgcpngu+Te2DIRk3we+oa9.132","action":"GetUpdates", "result":"DeleteReceived", "context":{"id":"83663ed3-1f5e-4430-ab91-3647ac2fab15", "isDeleted:":"true", "version":"1700765330505"}}
{"logTime": "1127/105324", "correlationVector":"Mgcpngu+Te2DIRk3we+oa9.133","action":"GetUpdates", "result":"DeleteReceived", "context":{"id":"6a0d0163-0b06-40d5-85c6-a1821371fa20", "isDeleted:":"true", "version":"1700765330506"}}
{"logTime": "1127/105324", "correlationVector":"Mgcpngu+Te2DIRk3we+oa9.134","action":"GetUpdates", "result":"DeleteReceived", "context":{"id":"57b6afbe-5bc5-4dc7-a645-ef9aac7e1f20", "isDeleted:":"true", "version":"1700765330510"}}
{"logTime": "1127/105324", "correlationVector":"Mgcpngu+Te2DIRk3we+oa9.135","action":"GetUpdates", "result":"DeleteReceived", "context":{"id":"8e0702d7-ff3d-43e1-9f9f-d40ef05b8e77", "isDeleted:":"true", "version":"1700766350340"}}
{"logTime": "1127/105324", "correlationVector":"Mgcpngu+Te2DIRk3we+oa9.136","action":"GetUpdates", "result":"DeleteReceived", "context":{"id":"117f097f-0a52-4c83-8119-a500552aa6ec", "isDeleted:":"true", "version":"1700766350341"}}
{"logTime": "1127/105324", "correlationVector":"Mgcpngu+Te2DIRk3we+oa9.137","action":"GetUpdates", "result":"DeleteReceived", "context":{"id":"b4e5e157-296b-42c0-9633-f99012822e7d", "isDeleted:":"true", "version":"1700767392303"}}
{"logTime": "1127/105324", "correlationVector":"Mgcpngu+Te2DIRk3we+oa9.138","action":"GetUpdates", "result":"DeleteReceived", "context":{"id":"94a7629d-ed67-4bff-9f4f-6903aeae7820", "isDeleted:":"true", "version":"1700767995076"}}
{"logTime": "1127/105324", "correlationVector":"Mgcpngu+Te2DIRk3we+oa9.139","action":"GetUpdates", "result":"DeleteReceived", "context":{"id":"bb311e02-2e58-4dfd-8925-758a35f92782", "isDeleted:":"true", "version":"1700768690712"}}
{"logTime": "1127/105324", "correlationVector":"Mgcpngu+Te2DIRk3we+oa9.140","action":"GetUpdates", "result":"DeleteReceived", "context":{"id":"296347e2-442b-4521-b86c-39bdcdbe1991", "isDeleted:":"true", "version":"1700769309311"}}
{"logTime": "1127/105324", "correlationVector":"Mgcpngu+Te2DIRk3we+oa9.141","action":"GetUpdates", "result":"DeleteReceived", "context":{"id":"87ef8f51-a6aa-4bda-855d-1e8b229df478", "isDeleted:":"true", "version":"1700769395401"}}
{"logTime": "1127/105324", "correlationVector":"Mgcpngu+Te2DIRk3we+oa9.142","action":"GetUpdates", "result":"DeleteReceived", "context":{"id":"4b710f73-d96e-4869-b378-ad92dc1f1f2d", "isDeleted:":"true", "version":"1700770290222"}}
{"logTime": "1127/105324", "correlationVector":"Mgcpngu+Te2DIRk3we+oa9.143","action":"GetUpdates", "result":"DeleteReceived", "context":{"id":"67186ce9-c859-4cb4-84d4-06471feba052", "isDeleted:":"true", "version":"1700770326844"}}
{"logTime": "1127/105324", "correlationVector":"Mgcpngu+Te2DIRk3we+oa9.144","action":"GetUpdates", "result":"DeleteReceived", "context":{"id":"7fd07290-e6c6-478e-a57b-e0c0fdb51e0f", "isDeleted:":"true", "version":"1700771223709"}}
{"logTime": "1127/105324", "correlationVector":"Mgcpngu+Te2DIRk3we+oa9.145","action":"GetUpdates", "result":"DeleteReceived", "context":{"id":"f01f0f8c-6ae5-4d68-b5f9-cb6520602004", "isDeleted:":"true", "version":"1700771223710"}}
{"logTime": "1127/105324", "correlationVector":"Mgcpngu+Te2DIRk3we+oa9.146","action":"GetUpdates", "result":"DeleteReceived", "context":{"id":"485dc126-324e-40b6-ac2f-7b8a917eaa42", "isDeleted:":"true", "version":"1700771223712"}}
{"logTime": "1127/105324", "correlationVector":"Mgcpngu+Te2DIRk3we+oa9.147","action":"GetUpdates", "result":"DeleteReceived", "context":{"id":"237bba71-204c-4082-b6f1-d296a2e6ac20", "isDeleted:":"true", "version":"1700771223716"}}
{"logTime": "1127/105324", "correlationVector":"Mgcpngu+Te2DIRk3we+oa9.148","action":"GetUpdates", "result":"DeleteReceived", "context":{"id":"d70bced5-2738-4ced-a330-678cce2593b6", "isDeleted:":"true", "version":"1700771532096"}}
{"logTime": "1127/105324", "correlationVector":"Mgcpngu+Te2DIRk3we+oa9.149","action":"GetUpdates", "result":"DeleteReceived", "context":{"id":"e5ece036-a008-4682-8258-f3859eafe02c", "isDeleted:":"true", "version":"1700772712971"}}
{"logTime": "1127/105324", "correlationVector":"Mgcpngu+Te2DIRk3we+oa9.150","action":"GetUpdates", "result":"DeleteReceived", "context":{"id":"4e8b0f67-b187-4aab-8ccc-7469879c3698", "isDeleted:":"true", "version":"1700772786458"}}
{"logTime": "1127/105324", "correlationVector":"Mgcpngu+Te2DIRk3we+oa9.151","action":"GetUpdates", "result":"DeleteReceived", "context":{"id":"fbca534e-a6b3-4692-b028-b3ee1d7f73d3", "isDeleted:":"true", "version":"1700773293639"}}
{"logTime": "1127/105324", "correlationVector":"Mgcpngu+Te2DIRk3we+oa9.152","action":"GetUpdates", "result":"DeleteReceived", "context":{"id":"1e6ca623-3823-4d1e-a100-7d3bf7815857", "isDeleted:":"true", "version":"1700773293640"}}
{"logTime": "1127/105324", "correlationVector":"Mgcpngu+Te2DIRk3we+oa9.153","action":"GetUpdates", "result":"DeleteReceived", "context":{"id":"6162dfe6-0147-4fdf-b16a-d1b4ba385e03", "isDeleted:":"true", "version":"1700797113212"}}
{"logTime": "1127/105324", "correlationVector":"Mgcpngu+Te2DIRk3we+oa9.154","action":"GetUpdates", "result":"DeleteReceived", "context":{"id":"2eeeef38-64e1-41ce-97de-fc1ddf526ef2", "isDeleted:":"true", "version":"1700797113213"}}
{"logTime": "1127/105324", "correlationVector":"Mgcpngu+Te2DIRk3we+oa9.155","action":"GetUpdates", "result":"DeleteReceived", "context":{"id":"75beccce-cb78-42ca-a1e3-bf0f36279efc", "isDeleted:":"true", "version":"1700798414897"}}
{"logTime": "1127/105324", "correlationVector":"Mgcpngu+Te2DIRk3we+oa9.156","action":"GetUpdates", "result":"DeleteReceived", "context":{"id":"23c1fa2f-7bed-4ac6-9d02-49a7fa8fcfa2", "isDeleted:":"true", "version":"1700801245919"}}
{"logTime": "1127/105324", "correlationVector":"Mgcpngu+Te2DIRk3we+oa9.157","action":"GetUpdates", "result":"DeleteReceived", "context":{"id":"82cc57d4-417f-43a9-aa85-4c80eec60ad1", "isDeleted:":"true", "version":"1700801509135"}}
{"logTime": "1127/105324", "correlationVector":"Mgcpngu+Te2DIRk3we+oa9.158","action":"GetUpdates", "result":"DeleteReceived", "context":{"id":"e9ac2de0-49e8-4d93-a354-2486bb872c79", "isDeleted:":"true", "version":"1700802766830"}}
{"logTime": "1127/105324", "correlationVector":"Mgcpngu+Te2DIRk3we+oa9.159","action":"GetUpdates", "result":"DeleteReceived", "context":{"id":"3097ba57-cc8e-46f1-b1ec-1a08f2a3c7dd", "isDeleted:":"true", "version":"1700803971892"}}
{"logTime": "1127/105324", "correlationVector":"Mgcpngu+Te2DIRk3we+oa9.160","action":"GetUpdates", "result":"DeleteReceived", "context":{"id":"57a596b3-4987-4a49-b946-68d94ffb8c0e", "isDeleted:":"true", "version":"1700803971893"}}
{"logTime": "1127/105324", "correlationVector":"Mgcpngu+Te2DIRk3we+oa9.161","action":"GetUpdates", "result":"DeleteReceived", "context":{"id":"5f86a0c0-5f78-4473-a67c-7387e1bc2d8d", "isDeleted:":"true", "version":"1700803971894"}}
{"logTime": "1127/105324", "correlationVector":"Mgcpngu+Te2DIRk3we+oa9.162","action":"GetUpdates", "result":"DeleteReceived", "context":{"id":"ebb4e9d8-d240-49df-9710-5fcff90188b3", "isDeleted:":"true", "version":"1700803983406"}}
{"logTime": "1127/105324", "correlationVector":"Mgcpngu+Te2DIRk3we+oa9.163","action":"GetUpdates", "result":"DeleteReceived", "context":{"id":"70c6ad6c-f61b-43e5-8866-ba5d52d26953", "isDeleted:":"true", "version":"1700804270400"}}
{"logTime": "1127/105324", "correlationVector":"Mgcpngu+Te2DIRk3we+oa9.164","action":"GetUpdates", "result":"DeleteReceived", "context":{"id":"73fce15a-0ccc-4192-b7ef-8b9d4fc09767", "isDeleted:":"true", "version":"1700806524630"}}
{"logTime": "1127/105324", "correlationVector":"Mgcpngu+Te2DIRk3we+oa9.165","action":"GetUpdates", "result":"DeleteReceived", "context":{"id":"223bfc7b-8c8e-4a3e-8fed-571d7c10a3fb", "isDeleted:":"true", "version":"1700806780740"}}
{"logTime": "1127/105324", "correlationVector":"Mgcpngu+Te2DIRk3we+oa9.166","action":"GetUpdates", "result":"DeleteReceived", "context":{"id":"c78658f4-d29a-4951-a220-315ff4221b32", "isDeleted:":"true", "version":"1700806959821"}}
{"logTime": "1127/105324", "correlationVector":"Mgcpngu+Te2DIRk3we+oa9.167","action":"GetUpdates", "result":"DeleteReceived", "context":{"id":"0a1f3ba8-0e28-47b6-ac90-0190aec70a52", "isDeleted:":"true", "version":"1700807680070"}}
{"logTime": "1127/105324", "correlationVector":"Mgcpngu+Te2DIRk3we+oa9.168","action":"GetUpdates", "result":"DeleteReceived", "context":{"id":"be4ac34b-a9ba-4700-8976-104aa63be986", "isDeleted:":"true", "version":"1700807680071"}}
{"logTime": "1127/105324", "correlationVector":"Mgcpngu+Te2DIRk3we+oa9.169","action":"GetUpdates", "result":"DeleteReceived", "context":{"id":"0a3c9ad0-9532-4b0b-8cb0-16d9ece5b366", "isDeleted:":"true", "version":"1700807680072"}}
{"logTime": "1127/105324", "correlationVector":"Mgcpngu+Te2DIRk3we+oa9.170","action":"GetUpdates", "result":"DeleteReceived", "context":{"id":"cea6ea81-8452-4d00-ab32-7dd2b66b3aac", "isDeleted:":"true", "version":"1700807680075"}}
{"logTime": "1127/105324", "correlationVector":"Mgcpngu+Te2DIRk3we+oa9.171","action":"GetUpdates", "result":"DeleteReceived", "context":{"id":"fbc81ed1-862a-42ed-9394-7b77ae5382cc", "isDeleted:":"true", "version":"1700807680076"}}
{"logTime": "1127/105324", "correlationVector":"Mgcpngu+Te2DIRk3we+oa9.172","action":"GetUpdates", "result":"DeleteReceived", "context":{"id":"ca2b1d00-7012-4e4e-bd0f-5319f94a3b9d", "isDeleted:":"true", "version":"1700807744073"}}
{"logTime": "1127/105324", "correlationVector":"Mgcpngu+Te2DIRk3we+oa9.173","action":"GetUpdates", "result":"DeleteReceived", "context":{"id":"bafe809f-aeb0-43f6-ac1b-0f66052e5fcb", "isDeleted:":"true", "version":"1700807744075"}}
{"logTime": "1127/105324", "correlationVector":"Mgcpngu+Te2DIRk3we+oa9.174","action":"GetUpdates", "result":"DeleteReceived", "context":{"id":"b0a8775c-c617-49d5-9cfc-a97b37ff05df", "isDeleted:":"true", "version":"1700807806534"}}
{"logTime": "1127/105324", "correlationVector":"Mgcpngu+Te2DIRk3we+oa9.175","action":"GetUpdates", "result":"DeleteReceived", "context":{"id":"e68d4188-89e6-4e67-bf25-cb12cc7a3299", "isDeleted:":"true", "version":"1700808688615"}}
{"logTime": "1127/105324", "correlationVector":"Mgcpngu+Te2DIRk3we+oa9.176","action":"GetUpdates", "result":"DeleteReceived", "context":{"id":"b7f69ed2-a86b-4ec0-9457-3207ccf32753", "isDeleted:":"true", "version":"1700808688617"}}
{"logTime": "1127/105324", "correlationVector":"Mgcpngu+Te2DIRk3we+oa9.177","action":"GetUpdates", "result":"DeleteReceived", "context":{"id":"da91f70a-5faa-4c5c-8a70-9edc55572d06", "isDeleted:":"true", "version":"1700808688618"}}
{"logTime": "1127/105324", "correlationVector":"Mgcpngu+Te2DIRk3we+oa9.178","action":"GetUpdates", "result":"DeleteReceived", "context":{"id":"a1ce7430-08f5-4e20-b36d-3aaf92cacd97", "isDeleted:":"true", "version":"1700808688621"}}
{"logTime": "1127/105324", "correlationVector":"Mgcpngu+Te2DIRk3we+oa9.179","action":"GetUpdates", "result":"DeleteReceived", "context":{"id":"7f159eab-44b8-4d90-a464-d8eb4ae96c62", "isDeleted:":"true", "version":"1700808688622"}}
{"logTime": "1127/105324", "correlationVector":"Mgcpngu+Te2DIRk3we+oa9.180","action":"GetUpdates", "result":"DeleteReceived", "context":{"id":"b68883f0-2800-4ff6-8bf4-91519c3739ea", "isDeleted:":"true", "version":"1700808767101"}}
{"logTime": "1127/105324", "correlationVector":"Mgcpngu+Te2DIRk3we+oa9.181","action":"GetUpdates", "result":"DeleteReceived", "context":{"id":"624b9fad-436e-4e60-bf1e-78ce5384a027", "isDeleted:":"true", "version":"1700808767102"}}
{"logTime": "1127/105324", "correlationVector":"Mgcpngu+Te2DIRk3we+oa9.182","action":"GetUpdates", "result":"DeleteReceived", "context":{"id":"184931a2-d881-4c04-bdd9-b348a456e90d", "isDeleted:":"true", "version":"1700814487348"}}
{"logTime": "1127/105324", "correlationVector":"Mgcpngu+Te2DIRk3we+oa9.183","action":"GetUpdates", "result":"DeleteReceived", "context":{"id":"69fc6247-4f4e-4294-83ef-f602c368289e", "isDeleted:":"true", "version":"1700815219052"}}
{"logTime": "1127/105324", "correlationVector":"Mgcpngu+Te2DIRk3we+oa9.184","action":"GetUpdates", "result":"DeleteReceived", "context":{"id":"f9880e61-ad68-4960-8c1b-2799756fb0ca", "isDeleted:":"true", "version":"1700817045315"}}
{"logTime": "1127/105324", "correlationVector":"Mgcpngu+Te2DIRk3we+oa9.185","action":"GetUpdates", "result":"DeleteReceived", "context":{"id":"69ee3b10-2f56-47cf-924b-0a5d7165f4b4", "isDeleted:":"true", "version":"1700817110038"}}
{"logTime": "1127/105324", "correlationVector":"Mgcpngu+Te2DIRk3we+oa9.186","action":"GetUpdates", "result":"DeleteReceived", "context":{"id":"d989adeb-6e39-42c6-ae5e-f44048716ba6", "isDeleted:":"true", "version":"1700818117820"}}
{"logTime": "1127/105324", "correlationVector":"Mgcpngu+Te2DIRk3we+oa9.187","action":"GetUpdates", "result":"DeleteReceived", "context":{"id":"34597f60-5410-45f0-9bb4-a3d7d3f64c4f", "isDeleted:":"true", "version":"1700824492284"}}
{"logTime": "1127/105324", "correlationVector":"Mgcpngu+Te2DIRk3we+oa9.188","action":"GetUpdates", "result":"DeleteReceived", "context":{"id":"ffd8aba1-f614-4400-a63f-58c13d470bca", "isDeleted:":"true", "version":"1700828523147"}}
{"logTime": "1127/105324", "correlationVector":"Mgcpngu+Te2DIRk3we+oa9.189","action":"GetUpdates", "result":"DeleteReceived", "context":{"id":"2370da15-76df-4203-b9b2-b1c29a9ded01", "isDeleted:":"true", "version":"1700828523149"}}
{"logTime": "1127/105324", "correlationVector":"Mgcpngu+Te2DIRk3we+oa9.190","action":"GetUpdates", "result":"DeleteReceived", "context":{"id":"7fbaba3d-0b2c-4919-b098-6de5e60e4edb", "isDeleted:":"true", "version":"1700828523150"}}
{"logTime": "1127/105324", "correlationVector":"Mgcpngu+Te2DIRk3we+oa9.191","action":"GetUpdates", "result":"DeleteReceived", "context":{"id":"2fada318-9098-4af1-ad29-bc868dbb40d0", "isDeleted:":"true", "version":"1700828523151"}}
{"logTime": "1127/105324", "correlationVector":"Mgcpngu+Te2DIRk3we+oa9.192","action":"GetUpdates", "result":"DeleteReceived", "context":{"id":"eb4b069c-f388-4fca-a644-88366db7dcb3", "isDeleted:":"true", "version":"1700828717497"}}
{"logTime": "1127/105324", "correlationVector":"Mgcpngu+Te2DIRk3we+oa9.193","action":"GetUpdates", "result":"DeleteReceived", "context":{"id":"731d0976-3057-4c37-8320-9734be5cbfda", "isDeleted:":"true", "version":"1700831270719"}}
{"logTime": "1127/105324", "correlationVector":"Mgcpngu+Te2DIRk3we+oa9.194","action":"GetUpdates", "result":"DeleteReceived", "context":{"id":"e8521930-20b2-4acb-a266-8074225e2598", "isDeleted:":"true", "version":"1700834364538"}}
{"logTime": "1127/105324", "correlationVector":"Mgcpngu+Te2DIRk3we+oa9.195","action":"GetUpdates", "result":"DeleteReceived", "context":{"id":"a3a35430-c471-44cb-ab08-f55f20c1f0f5", "isDeleted:":"true", "version":"1700836493554"}}
{"logTime": "1127/105324", "correlationVector":"Mgcpngu+Te2DIRk3we+oa9.196","action":"GetUpdates", "result":"DeleteReceived", "context":{"id":"130ea5df-ef7c-40a2-9beb-41e3af0e3c51", "isDeleted:":"true", "version":"1700836645830"}}
{"logTime": "1127/105324", "correlationVector":"Mgcpngu+Te2DIRk3we+oa9.197","action":"GetUpdates", "result":"DeleteReceived", "context":{"id":"09d6a7e0-1244-47e2-b964-7286f08c309e", "isDeleted:":"true", "version":"1700836719692"}}
{"logTime": "1127/105324", "correlationVector":"Mgcpngu+Te2DIRk3we+oa9.198","action":"GetUpdates", "result":"DeleteReceived", "context":{"id":"e5d69dd2-d9c8-427d-8f71-80c9a3ea7589", "isDeleted:":"true", "version":"1700837491576"}}
{"logTime": "1127/105324", "correlationVector":"Mgcpngu+Te2DIRk3we+oa9.199","action":"GetUpdates", "result":"DeleteReceived", "context":{"id":"95738f4e-5d49-47b0-9f0f-cc52e1f13582", "isDeleted:":"true", "version":"1700838021291"}}
{"logTime": "1127/105324", "correlationVector":"Mgcpngu+Te2DIRk3we+oa9.200","action":"GetUpdates", "result":"DeleteReceived", "context":{"id":"90d6bc5d-7877-4077-9bc6-07a6e8adafc1", "isDeleted:":"true", "version":"1700838021292"}}
{"logTime": "1127/105324", "correlationVector":"Mgcpngu+Te2DIRk3we+oa9.201","action":"GetUpdates", "result":"DeleteReceived", "context":{"id":"5c28b0c0-fead-46d5-8bea-3711f5e5704b", "isDeleted:":"true", "version":"1700838021293"}}
{"logTime": "1127/105324", "correlationVector":"Mgcpngu+Te2DIRk3we+oa9.202","action":"GetUpdates", "result":"DeleteReceived", "context":{"id":"81bc1d47-eae7-4ada-8a05-bc6cd94f1d83", "isDeleted:":"true", "version":"1700879971473"}}
{"logTime": "1127/105324", "correlationVector":"Mgcpngu+Te2DIRk3we+oa9.203","action":"GetUpdates", "result":"DeleteReceived", "context":{"id":"aabdc961-94c4-4ecd-a334-7642e3fe4da6", "isDeleted:":"true", "version":"1700882667543"}}
{"logTime": "1127/105324", "correlationVector":"Mgcpngu+Te2DIRk3we+oa9.204","action":"GetUpdates", "result":"DeleteReceived", "context":{"id":"74c07a57-5d1e-4e48-89c0-bcb485d5d7e5", "isDeleted:":"true", "version":"1700884551389"}}
{"logTime": "1127/105324", "correlationVector":"Mgcpngu+Te2DIRk3we+oa9.205","action":"GetUpdates", "result":"DeleteReceived", "context":{"id":"3047c2de-a553-4340-a522-28ca90145dab", "isDeleted:":"true", "version":"1700884551390"}}
{"logTime": "1127/105324", "correlationVector":"Mgcpngu+Te2DIRk3we+oa9.206","action":"GetUpdates", "result":"DeleteReceived", "context":{"id":"dc59cc54-b477-4aa4-9633-ee9566c4c8ca", "isDeleted:":"true", "version":"1700891599864"}}
{"logTime": "1127/105324", "correlationVector":"Mgcpngu+Te2DIRk3we+oa9.207","action":"GetUpdates", "result":"DeleteReceived", "context":{"id":"c5ce7144-54d0-4c8c-8d88-8978f1a59975", "isDeleted:":"true", "version":"1700898080840"}}
{"logTime": "1127/105324", "correlationVector":"Mgcpngu+Te2DIRk3we+oa9.208","action":"GetUpdates Response", "result":"SERVER_MORE_TO_DOWNLOAD", "context":Received 250 update(s).  Some updates remain.}
{"logTime": "1127/105324", "correlationVector":"bXJROWrHiMS+JwIKsIkQuI","action":"Initial GetUpdates", "result":"", "context":Reason: RECONFIGURATION. cV=bXJROWrHiMS+JwIKsIkQuI}
{"logTime": "1127/105324", "correlationVector":"bXJROWrHiMS+JwIKsIkQuI.1","action":"SyncServerConnectionManagerRequest", "result":"SYNC_SERVER_OK", "context":{"environment":"Prod_SoutheastAsia_000j", "migrationStage":"NotStarted", "server":"GENERAL01000012"}}
{"logTime": "1127/105324", "correlationVector":"bXJROWrHiMS+JwIKsIkQuI.2","action":"GetUpdates", "result":"DeleteReceived", "context":{"id":"48fcb0c0-88e1-4ac3-b2b2-11888961d661", "isDeleted:":"true", "version":"1700916716298"}}
{"logTime": "1127/105324", "correlationVector":"bXJROWrHiMS+JwIKsIkQuI.3","action":"GetUpdates", "result":"DeleteReceived", "context":{"id":"e348fa2a-7e83-497f-af37-9e45bbf738c0", "isDeleted:":"true", "version":"1700917084469"}}
{"logTime": "1127/105324", "correlationVector":"bXJROWrHiMS+JwIKsIkQuI.4","action":"GetUpdates", "result":"DeleteReceived", "context":{"id":"9712038b-2451-408d-aea4-a9d3992f0785", "isDeleted:":"true", "version":"1700917084470"}}
{"logTime": "1127/105324", "correlationVector":"bXJROWrHiMS+JwIKsIkQuI.5","action":"GetUpdates", "result":"DeleteReceived", "context":{"id":"08d9ef5a-f7c7-4bc9-97b6-2797cb7df153", "isDeleted:":"true", "version":"1700983433110"}}
{"logTime": "1127/105324", "correlationVector":"bXJROWrHiMS+JwIKsIkQuI.6","action":"GetUpdates", "result":"DeleteReceived", "context":{"id":"944f8a1c-84a5-4cad-8ae6-0d6a4129e737", "isDeleted:":"true", "version":"1700984315885"}}
{"logTime": "1127/105324", "correlationVector":"bXJROWrHiMS+JwIKsIkQuI.7","action":"GetUpdates", "result":"DeleteReceived", "context":{"id":"1e0470d5-2b91-40a0-a66f-7ffe9bfa0034", "isDeleted:":"true", "version":"1700984347680"}}
{"logTime": "1127/105324", "correlationVector":"bXJROWrHiMS+JwIKsIkQuI.8","action":"GetUpdates", "result":"DeleteReceived", "context":{"id":"9ead6229-f3de-4b38-9d4c-739c595615c7", "isDeleted:":"true", "version":"1700984477383"}}
{"logTime": "1127/105324", "correlationVector":"bXJROWrHiMS+JwIKsIkQuI.9","action":"GetUpdates", "result":"DeleteReceived", "context":{"id":"045a5a7e-3aff-42f9-ac7f-a5923769104f", "isDeleted:":"true", "version":"1700984542164"}}
{"logTime": "1127/105324", "correlationVector":"bXJROWrHiMS+JwIKsIkQuI.10","action":"GetUpdates", "result":"DeleteReceived", "context":{"id":"fcf2636e-20c5-450e-85e9-faf02d01b664", "isDeleted:":"true", "version":"1700985028008"}}
{"logTime": "1127/105324", "correlationVector":"bXJROWrHiMS+JwIKsIkQuI.11","action":"GetUpdates", "result":"DeleteReceived", "context":{"id":"03829f9d-1193-4377-aa7e-1a9c2b1034d3", "isDeleted:":"true", "version":"1700985028012"}}
{"logTime": "1127/105324", "correlationVector":"bXJROWrHiMS+JwIKsIkQuI.12","action":"GetUpdates", "result":"DeleteReceived", "context":{"id":"5511d1a1-1a43-4e09-a0e4-a4b101264b1c", "isDeleted:":"true", "version":"1700985323328"}}
{"logTime": "1127/105324", "correlationVector":"bXJROWrHiMS+JwIKsIkQuI.13","action":"GetUpdates", "result":"DeleteReceived", "context":{"id":"f1f7c6c2-b9e0-4254-8a85-38384728c422", "isDeleted:":"true", "version":"1700985653871"}}
{"logTime": "1127/105324", "correlationVector":"bXJROWrHiMS+JwIKsIkQuI.14","action":"GetUpdates", "result":"DeleteReceived", "context":{"id":"043a9b35-1a8d-420f-a7b9-ebf00c96b76f", "isDeleted:":"true", "version":"1700986029101"}}
{"logTime": "1127/105324", "correlationVector":"bXJROWrHiMS+JwIKsIkQuI.15","action":"GetUpdates", "result":"DeleteReceived", "context":{"id":"043cd328-0fd3-4250-aa04-e70a47d94d13", "isDeleted:":"true", "version":"1700986599503"}}
{"logTime": "1127/105324", "correlationVector":"bXJROWrHiMS+JwIKsIkQuI.16","action":"GetUpdates", "result":"DeleteReceived", "context":{"id":"73ef8696-7fbb-4442-93ec-fbda0c17de35", "isDeleted:":"true", "version":"1700987358142"}}
{"logTime": "1127/105324", "correlationVector":"bXJROWrHiMS+JwIKsIkQuI.17","action":"GetUpdates", "result":"DeleteReceived", "context":{"id":"00c4b538-391c-4338-8d01-17003fad0409", "isDeleted:":"true", "version":"1700989956757"}}
{"logTime": "1127/105325", "correlationVector":"bXJROWrHiMS+JwIKsIkQuI.18","action":"GetUpdates", "result":"DeleteReceived", "context":{"id":"14af33c3-3421-496f-9ecd-3248e358e99c", "isDeleted:":"true", "version":"1700990742904"}}
{"logTime": "1127/105325", "correlationVector":"bXJROWrHiMS+JwIKsIkQuI.19","action":"GetUpdates", "result":"DeleteReceived", "context":{"id":"af33137d-f8bb-4ce7-8327-8fb85d87ee41", "isDeleted:":"true", "version":"1700990845452"}}
{"logTime": "1127/105325", "correlationVector":"bXJROWrHiMS+JwIKsIkQuI.20","action":"GetUpdates", "result":"DeleteReceived", "context":{"id":"da399ba4-bfb7-494b-8d67-f01d0805b748", "isDeleted:":"true", "version":"1700991218191"}}
{"logTime": "1127/105325", "correlationVector":"bXJROWrHiMS+JwIKsIkQuI.21","action":"GetUpdates", "result":"DeleteReceived", "context":{"id":"9d7aaad2-0f4f-4290-86ea-94e4a086cad4", "isDeleted:":"true", "version":"1700991218192"}}
{"logTime": "1127/105325", "correlationVector":"bXJROWrHiMS+JwIKsIkQuI.22","action":"GetUpdates", "result":"DeleteReceived", "context":{"id":"08284b30-2799-4328-83e9-d0c2aba1e57c", "isDeleted:":"true", "version":"1700991578214"}}
{"logTime": "1127/105325", "correlationVector":"bXJROWrHiMS+JwIKsIkQuI.23","action":"GetUpdates", "result":"DeleteReceived", "context":{"id":"53f0b873-2ceb-4912-b950-79a4338d5ecb", "isDeleted:":"true", "version":"1700991578216"}}
{"logTime": "1127/105325", "correlationVector":"bXJROWrHiMS+JwIKsIkQuI.24","action":"GetUpdates", "result":"DeleteReceived", "context":{"id":"fdcaeefc-d1df-4ce1-bfc1-a8f3c10c1ef3", "isDeleted:":"true", "version":"1700991578217"}}
{"logTime": "1127/105325", "correlationVector":"bXJROWrHiMS+JwIKsIkQuI.25","action":"GetUpdates", "result":"DeleteReceived", "context":{"id":"66f707be-e7dd-4aa1-9d31-3de5fde4f0bb", "isDeleted:":"true", "version":"1700991856447"}}
{"logTime": "1127/105325", "correlationVector":"bXJROWrHiMS+JwIKsIkQuI.26","action":"GetUpdates", "result":"DeleteReceived", "context":{"id":"de59b6b9-370a-45e5-a4c9-5a0e787c718c", "isDeleted:":"true", "version":"1700992377001"}}
{"logTime": "1127/105325", "correlationVector":"bXJROWrHiMS+JwIKsIkQuI.27","action":"GetUpdates", "result":"DeleteReceived", "context":{"id":"0bdb4a77-60bb-454f-b3ce-b17fc99230a3", "isDeleted:":"true", "version":"1700993303366"}}
{"logTime": "1127/105325", "correlationVector":"bXJROWrHiMS+JwIKsIkQuI.28","action":"GetUpdates", "result":"DeleteReceived", "context":{"id":"cdd3b2fb-3bac-452e-8fd4-e8518452203e", "isDeleted:":"true", "version":"1700994804264"}}
{"logTime": "1127/105325", "correlationVector":"bXJROWrHiMS+JwIKsIkQuI.29","action":"GetUpdates", "result":"DeleteReceived", "context":{"id":"83876b9f-59ec-4885-93ce-79e45cd02177", "isDeleted:":"true", "version":"1700996807886"}}
{"logTime": "1127/105325", "correlationVector":"bXJROWrHiMS+JwIKsIkQuI.30","action":"GetUpdates", "result":"DeleteReceived", "context":{"id":"66234aef-d71a-4213-ae17-ba61df4bda2b", "isDeleted:":"true", "version":"1700997284361"}}
{"logTime": "1127/105325", "correlationVector":"bXJROWrHiMS+JwIKsIkQuI.31","action":"GetUpdates", "result":"DeleteReceived", "context":{"id":"506a73d7-d738-433b-967c-65d75ba16793", "isDeleted:":"true", "version":"1700997474940"}}
{"logTime": "1127/105325", "correlationVector":"bXJROWrHiMS+JwIKsIkQuI.32","action":"GetUpdates", "result":"DeleteReceived", "context":{"id":"460500ed-ae62-4541-bf6b-9bad3050065f", "isDeleted:":"true", "version":"1700997845802"}}
{"logTime": "1127/105325", "correlationVector":"bXJROWrHiMS+JwIKsIkQuI.33","action":"GetUpdates", "result":"DeleteReceived", "context":{"id":"6890ac47-0533-47a5-bd7a-23aedd36b7de", "isDeleted:":"true", "version":"1700997879575"}}
{"logTime": "1127/105325", "correlationVector":"bXJROWrHiMS+JwIKsIkQuI.34","action":"GetUpdates", "result":"DeleteReceived", "context":{"id":"e7954ae4-cb65-4790-b958-795ed9372d56", "isDeleted:":"true", "version":"1700998010287"}}
{"logTime": "1127/105325", "correlationVector":"bXJROWrHiMS+JwIKsIkQuI.35","action":"GetUpdates", "result":"DeleteReceived", "context":{"id":"da22e54a-edb7-4b27-a0b8-b0e21b54fc86", "isDeleted:":"true", "version":"1700998307984"}}
{"logTime": "1127/105325", "correlationVector":"bXJROWrHiMS+JwIKsIkQuI.36","action":"GetUpdates", "result":"DeleteReceived", "context":{"id":"87b72929-18fc-427f-a36d-b901e3f32ba5", "isDeleted:":"true", "version":"1700998448289"}}
{"logTime": "1127/105325", "correlationVector":"bXJROWrHiMS+JwIKsIkQuI.37","action":"GetUpdates", "result":"DeleteReceived", "context":{"id":"c1b0165c-dfcb-468b-a08e-2cba0c4c94f4", "isDeleted:":"true", "version":"1700998448290"}}
{"logTime": "1127/105325", "correlationVector":"bXJROWrHiMS+JwIKsIkQuI.38","action":"GetUpdates", "result":"DeleteReceived", "context":{"id":"0e831eec-d2e8-4e72-8a4b-4697d230021d", "isDeleted:":"true", "version":"1700998448291"}}
{"logTime": "1127/105325", "correlationVector":"bXJROWrHiMS+JwIKsIkQuI.39","action":"GetUpdates", "result":"DeleteReceived", "context":{"id":"5eb2314e-2ce3-4b8f-89c4-9f9b2a57f2fb", "isDeleted:":"true", "version":"1700998448292"}}
{"logTime": "1127/105325", "correlationVector":"bXJROWrHiMS+JwIKsIkQuI.40","action":"GetUpdates", "result":"DeleteReceived", "context":{"id":"6705d067-9d5e-4440-8677-c64f4ad8e32a", "isDeleted:":"true", "version":"1700998448293"}}
{"logTime": "1127/105325", "correlationVector":"bXJROWrHiMS+JwIKsIkQuI.41","action":"GetUpdates", "result":"DeleteReceived", "context":{"id":"fcb641d5-e0ae-4343-a9fc-f0e02d59713e", "isDeleted:":"true", "version":"1700998448295"}}
{"logTime": "1127/105325", "correlationVector":"bXJROWrHiMS+JwIKsIkQuI.42","action":"GetUpdates", "result":"DeleteReceived", "context":{"id":"e053ce21-7c12-4246-a35e-9a6200673aa3", "isDeleted:":"true", "version":"1700999135176"}}
{"logTime": "1127/105325", "correlationVector":"bXJROWrHiMS+JwIKsIkQuI.43","action":"GetUpdates", "result":"DeleteReceived", "context":{"id":"bdea092d-940e-433d-b2b4-497c63fd82ac", "isDeleted:":"true", "version":"1700999691175"}}
{"logTime": "1127/105325", "correlationVector":"bXJROWrHiMS+JwIKsIkQuI.44","action":"GetUpdates", "result":"DeleteReceived", "context":{"id":"c08fac91-3f40-43bc-8647-ee8461617873", "isDeleted:":"true", "version":"1700999691176"}}
{"logTime": "1127/105325", "correlationVector":"bXJROWrHiMS+JwIKsIkQuI.45","action":"GetUpdates", "result":"DeleteReceived", "context":{"id":"7317e2bb-1d6e-4307-acab-883824e1d00c", "isDeleted:":"true", "version":"1700999691177"}}
{"logTime": "1127/105325", "correlationVector":"bXJROWrHiMS+JwIKsIkQuI.46","action":"GetUpdates", "result":"DeleteReceived", "context":{"id":"aefa1c45-ea7c-4fb1-bc65-5cedc569f67b", "isDeleted:":"true", "version":"1700999691178"}}
{"logTime": "1127/105325", "correlationVector":"bXJROWrHiMS+JwIKsIkQuI.47","action":"GetUpdates", "result":"DeleteReceived", "context":{"id":"55cf343c-a8b5-4f8a-bad4-a2f9150424de", "isDeleted:":"true", "version":"1700999691179"}}
{"logTime": "1127/105325", "correlationVector":"bXJROWrHiMS+JwIKsIkQuI.48","action":"GetUpdates", "result":"DeleteReceived", "context":{"id":"8551dead-8342-465a-9c78-d7f9f20992a5", "isDeleted:":"true", "version":"1701000341028"}}
{"logTime": "1127/105325", "correlationVector":"bXJROWrHiMS+JwIKsIkQuI.49","action":"GetUpdates", "result":"DeleteReceived", "context":{"id":"da3dd70a-66f9-4868-850e-2362cd2c391a", "isDeleted:":"true", "version":"1701000500017"}}
{"logTime": "1127/105325", "correlationVector":"bXJROWrHiMS+JwIKsIkQuI.50","action":"GetUpdates", "result":"DeleteReceived", "context":{"id":"751fb6b1-b75d-4957-98c2-896cf1119472", "isDeleted:":"true", "version":"1701000750205"}}
{"logTime": "1127/105325", "correlationVector":"bXJROWrHiMS+JwIKsIkQuI.51","action":"GetUpdates", "result":"DeleteReceived", "context":{"id":"7233dcfa-c786-41db-8a64-06e3c5bf9bc9", "isDeleted:":"true", "version":"1701002063666"}}
{"logTime": "1127/105325", "correlationVector":"bXJROWrHiMS+JwIKsIkQuI.52","action":"GetUpdates", "result":"DeleteReceived", "context":{"id":"f19fc8b4-ea37-44e0-aa47-490519330b00", "isDeleted:":"true", "version":"1701004187058"}}
{"logTime": "1127/105325", "correlationVector":"bXJROWrHiMS+JwIKsIkQuI.53","action":"GetUpdates", "result":"DeleteReceived", "context":{"id":"7a73ced9-8439-4dc2-a5ea-cacb13709301", "isDeleted:":"true", "version":"1701007663957"}}
{"logTime": "1127/105325", "correlationVector":"bXJROWrHiMS+JwIKsIkQuI.54","action":"GetUpdates", "result":"DeleteReceived", "context":{"id":"ee663cb7-c201-4037-994b-47fb18ddd4e0", "isDeleted:":"true", "version":"1701007663958"}}
{"logTime": "1127/105325", "correlationVector":"bXJROWrHiMS+JwIKsIkQuI.55","action":"GetUpdates", "result":"DeleteReceived", "context":{"id":"00106066-0b22-4ccc-b010-a325dec94ecb", "isDeleted:":"true", "version":"1701008372129"}}
{"logTime": "1127/105325", "correlationVector":"bXJROWrHiMS+JwIKsIkQuI.56","action":"GetUpdates", "result":"DeleteReceived", "context":{"id":"6db738eb-c117-4c6f-bb23-cb30680333c6", "isDeleted:":"true", "version":"1701008605764"}}
{"logTime": "1127/105325", "correlationVector":"bXJROWrHiMS+JwIKsIkQuI.57","action":"GetUpdates", "result":"DeleteReceived", "context":{"id":"f592bba0-7354-4668-ac02-ef1b3ad4b5ff", "isDeleted:":"true", "version":"1701009343541"}}
{"logTime": "1127/105325", "correlationVector":"bXJROWrHiMS+JwIKsIkQuI.58","action":"GetUpdates", "result":"DeleteReceived", "context":{"id":"659683c5-87f3-4b64-98a0-02ab837150f0", "isDeleted:":"true", "version":"1701057356599"}}
{"logTime": "1127/105325", "correlationVector":"bXJROWrHiMS+JwIKsIkQuI.59","action":"GetUpdates", "result":"DeleteReceived", "context":{"id":"fe7c74d2-0087-480b-901a-c0af40c89b01", "isDeleted:":"true", "version":"1701057394082"}}
{"logTime": "1127/105325", "correlationVector":"bXJROWrHiMS+JwIKsIkQuI.60","action":"GetUpdates", "result":"DeleteReceived", "context":{"id":"b047ca58-872b-499e-8268-a5eec4c97e5d", "isDeleted:":"true", "version":"1701057394083"}}
{"logTime": "1127/105325", "correlationVector":"bXJROWrHiMS+JwIKsIkQuI.61","action":"GetUpdates", "result":"DeleteReceived", "context":{"id":"7037d11e-1d02-4dcf-99c9-f277befdda92", "isDeleted:":"true", "version":"1701057394084"}}
{"logTime": "1127/105325", "correlationVector":"bXJROWrHiMS+JwIKsIkQuI.62","action":"GetUpdates", "result":"DeleteReceived", "context":{"id":"a2e7a26e-ae3b-4d3e-a6f8-0a437aebec85", "isDeleted:":"true", "version":"1701062767510"}}
{"logTime": "1127/105325", "correlationVector":"bXJROWrHiMS+JwIKsIkQuI.63","action":"GetUpdates", "result":"DeleteReceived", "context":{"id":"91ac81cb-9205-4cf5-92fa-760c1650dd88", "isDeleted:":"true", "version":"1701063729840"}}
{"logTime": "1127/105325", "correlationVector":"bXJROWrHiMS+JwIKsIkQuI.64","action":"GetUpdates", "result":"DeleteReceived", "context":{"id":"7f1fae69-6662-4a5d-914e-a23bcc46d0e2", "isDeleted:":"true", "version":"1701063729841"}}
{"logTime": "1127/105325", "correlationVector":"bXJROWrHiMS+JwIKsIkQuI.65","action":"GetUpdates", "result":"DeleteReceived", "context":{"id":"268a19ff-8424-46bc-b4aa-b2743e14cd89", "isDeleted:":"true", "version":"1701070156853"}}
{"logTime": "1127/105325", "correlationVector":"bXJROWrHiMS+JwIKsIkQuI.66","action":"GetUpdates", "result":"DeleteReceived", "context":{"id":"9f2b8df8-25e7-4e2e-bdcb-38a8890bb519", "isDeleted:":"true", "version":"1701070287949"}}
{"logTime": "1127/105325", "correlationVector":"bXJROWrHiMS+JwIKsIkQuI.67","action":"GetUpdates Response", "result":"SYNCER_OK", "context":Received 105 update(s). cV=bXJROWrHiMS+JwIKsIkQuI.0;server=GENERAL01000012;cloudType=Consumer;environment=Prod_SoutheastAsia_000j;migrationStage=NotStarted}
{"logTime": "1127/105325", "correlationVector":"B6fkT9MgQBpsYAhgyOunGU","action":"Normal GetUpdate request", "result":"", "context":cV=B6fkT9MgQBpsYAhgyOunGU
Nudged types: Bookmarks, Preferences, Sessions, Device Info, User Consents
Refresh requested types: Bookmarks, Preferences, Passwords, Autofill Profiles, Autofill, Autofill Custom Data, Typed URLs, Extensions, Sessions, Extension settings, History Delete Directives, Device Info, User Consents, Send Tab To Self, Web Apps, Collection, Edge E Drop, Edge Hub App Usage, Edge Wallet, Encryption Keys}
{"logTime": "1127/105325", "correlationVector":"B6fkT9MgQBpsYAhgyOunGU.1","action":"SyncServerConnectionManagerRequest", "result":"SYNC_SERVER_OK", "context":{"environment":"Prod_SoutheastAsia_000j", "migrationStage":"NotStarted", "server":"GENERAL0100000T"}}
{"logTime": "1127/105325", "correlationVector":"B6fkT9MgQBpsYAhgyOunGU.2","action":"GetUpdates Response", "result":"SYNCER_OK", "context":Received 0 update(s). cV=B6fkT9MgQBpsYAhgyOunGU.0;server=GENERAL0100000T;cloudType=Consumer;environment=Prod_SoutheastAsia_000j;migrationStage=NotStarted}
{"logTime": "1127/105325", "correlationVector":"LNqJn3QQfp2WqS07jxRrFM","action":"Commit Request", "result":"", "context":Item count: 1
Contributing types: Device Info}
{"logTime": "1127/105325", "correlationVector":"LNqJn3QQfp2WqS07jxRrFM.1","action":"SyncServerConnectionManagerRequest", "result":"SYNC_SERVER_OK", "context":{"environment":"Prod_SoutheastAsia_000j", "migrationStage":"NotStarted", "server":"GENERAL01000001"}}
{"logTime": "1127/105325", "correlationVector":"LNqJn3QQfp2WqS07jxRrFM.2","action":"Commit Response", "result":"SYNCER_OK", "context":Result: SYNCER_OK. cV=LNqJn3QQfp2WqS07jxRrFM.0;server=GENERAL01000001;cloudType=Consumer;environment=Prod_SoutheastAsia_000j;migrationStage=NotStarted}
{"logTime": "1127/105325", "correlationVector":"oPt2+mwTdpm/mxUiT371rb","action":"Commit Request", "result":"", "context":Item count: 9
Contributing types: Bookmarks, Preferences, Typed URLs, Sessions, User Consents}
{"logTime": "1127/105325", "correlationVector":"oPt2+mwTdpm/mxUiT371rb.1","action":"SyncServerConnectionManagerRequest", "result":"SYNC_SERVER_OK", "context":{"environment":"Prod_SoutheastAsia_000j", "migrationStage":"NotStarted", "server":"GENERAL0100000I"}}
{"logTime": "1127/105325", "correlationVector":"oPt2+mwTdpm/mxUiT371rb.2","action":"Commit Response", "result":"SYNCER_OK", "context":Result: SYNCER_OK. cV=oPt2+mwTdpm/mxUiT371rb.0;server=GENERAL0100000I;cloudType=Consumer;environment=Prod_SoutheastAsia_000j;migrationStage=NotStarted}
